2025-05-17 07:02:10,569 - INFO - Running data quality monitoring job.
2025-05-17 07:02:10,575 - INFO - Missing Rate per column: {'age': 0.013574660633484163, 'sex': 0.0, 'bmi': 0.0022624434389140274, 'bp': 0.0, 's1': 0.0, 's2': 0.0, 's3': 0.0, 's4': 0.0, 's5': 0.0, 's6': 0.0, 'fake_column': 0.0}
2025-05-17 07:02:10,575 - INFO - Row Missing Fraction: 0.0158
2025-05-17 07:02:10,575 - INFO - Schema Mismatches: {}
2025-05-17 07:02:10,575 - INFO - Job completed.

2025-05-17 07:02:20,586 - INFO - Running data quality monitoring job.
2025-05-17 07:02:20,590 - INFO - Missing Rate per column: {'age': 0.013574660633484163, 'sex': 0.0, 'bmi': 0.0022624434389140274, 'bp': 0.0, 's1': 0.0, 's2': 0.0, 's3': 0.0, 's4': 0.0, 's5': 0.0, 's6': 0.0, 'fake_column': 0.0}
2025-05-17 07:02:20,591 - INFO - Row Missing Fraction: 0.0158
2025-05-17 07:02:20,591 - INFO - Schema Mismatches: {}
2025-05-17 07:02:20,591 - INFO - Job completed.

2025-05-17 07:02:30,601 - INFO - Running data quality monitoring job.
2025-05-17 07:02:30,606 - INFO - Missing Rate per column: {'age': 0.013574660633484163, 'sex': 0.0, 'bmi': 0.0022624434389140274, 'bp': 0.0, 's1': 0.0, 's2': 0.0, 's3': 0.0, 's4': 0.0, 's5': 0.0, 's6': 0.0, 'fake_column': 0.0}
2025-05-17 07:02:30,606 - INFO - Row Missing Fraction: 0.0158
2025-05-17 07:02:30,606 - INFO - Schema Mismatches: {}
2025-05-17 07:02:30,606 - INFO - Job completed.

2025-05-17 07:02:40,617 - INFO - Running data quality monitoring job.
2025-05-17 07:02:40,622 - INFO - Missing Rate per column: {'age': 0.013574660633484163, 'sex': 0.0, 'bmi': 0.0022624434389140274, 'bp': 0.0, 's1': 0.0, 's2': 0.0, 's3': 0.0, 's4': 0.0, 's5': 0.0, 's6': 0.0, 'fake_column': 0.0}
2025-05-17 07:02:40,622 - INFO - Row Missing Fraction: 0.0158
2025-05-17 07:02:40,622 - INFO - Schema Mismatches: {}
2025-05-17 07:02:40,622 - INFO - Job completed.

2025-05-17 07:02:50,633 - INFO - Running data quality monitoring job.
2025-05-17 07:02:50,639 - INFO - Missing Rate per column: {'age': 0.013574660633484163, 'sex': 0.0, 'bmi': 0.0022624434389140274, 'bp': 0.0, 's1': 0.0, 's2': 0.0, 's3': 0.0, 's4': 0.0, 's5': 0.0, 's6': 0.0, 'fake_column': 0.0}
2025-05-17 07:02:50,639 - INFO - Row Missing Fraction: 0.0158
2025-05-17 07:02:50,639 - INFO - Schema Mismatches: {}
2025-05-17 07:02:50,639 - INFO - Job completed.

2025-05-17 07:03:00,649 - INFO - Running data quality monitoring job.
2025-05-17 07:03:00,653 - INFO - Missing Rate per column: {'age': 0.013574660633484163, 'sex': 0.0, 'bmi': 0.0022624434389140274, 'bp': 0.0, 's1': 0.0, 's2': 0.0, 's3': 0.0, 's4': 0.0, 's5': 0.0, 's6': 0.0, 'fake_column': 0.0}
2025-05-17 07:03:00,653 - INFO - Row Missing Fraction: 0.0158
2025-05-17 07:03:00,653 - INFO - Schema Mismatches: {}
2025-05-17 07:03:00,653 - INFO - Job completed.

2025-05-17 07:03:10,664 - INFO - Running data quality monitoring job.
2025-05-17 07:03:10,669 - INFO - Missing Rate per column: {'age': 0.013574660633484163, 'sex': 0.0, 'bmi': 0.0022624434389140274, 'bp': 0.0, 's1': 0.0, 's2': 0.0, 's3': 0.0, 's4': 0.0, 's5': 0.0, 's6': 0.0, 'fake_column': 0.0}
2025-05-17 07:03:10,669 - INFO - Row Missing Fraction: 0.0158
2025-05-17 07:03:10,669 - INFO - Schema Mismatches: {}
2025-05-17 07:03:10,669 - INFO - Job completed.

2025-05-17 07:03:20,679 - INFO - Running data quality monitoring job.
2025-05-17 07:03:20,684 - INFO - Missing Rate per column: {'age': 0.013574660633484163, 'sex': 0.0, 'bmi': 0.0022624434389140274, 'bp': 0.0, 's1': 0.0, 's2': 0.0, 's3': 0.0, 's4': 0.0, 's5': 0.0, 's6': 0.0, 'fake_column': 0.0}
2025-05-17 07:03:20,684 - INFO - Row Missing Fraction: 0.0158
2025-05-17 07:03:20,684 - INFO - Schema Mismatches: {}
2025-05-17 07:03:20,684 - INFO - Job completed.

2025-05-17 07:03:30,695 - INFO - Running data quality monitoring job.
2025-05-17 07:03:30,700 - INFO - Missing Rate per column: {'age': 0.013574660633484163, 'sex': 0.0, 'bmi': 0.0022624434389140274, 'bp': 0.0, 's1': 0.0, 's2': 0.0, 's3': 0.0, 's4': 0.0, 's5': 0.0, 's6': 0.0, 'fake_column': 0.0}
2025-05-17 07:03:30,700 - INFO - Row Missing Fraction: 0.0158
2025-05-17 07:03:30,700 - INFO - Schema Mismatches: {}
2025-05-17 07:03:30,700 - INFO - Job completed.

2025-05-17 07:03:40,710 - INFO - Running data quality monitoring job.
2025-05-17 07:03:40,715 - INFO - Missing Rate per column: {'age': 0.013574660633484163, 'sex': 0.0, 'bmi': 0.0022624434389140274, 'bp': 0.0, 's1': 0.0, 's2': 0.0, 's3': 0.0, 's4': 0.0, 's5': 0.0, 's6': 0.0, 'fake_column': 0.0}
2025-05-17 07:03:40,715 - INFO - Row Missing Fraction: 0.0158
2025-05-17 07:03:40,715 - INFO - Schema Mismatches: {}
2025-05-17 07:03:40,715 - INFO - Job completed.

2025-05-17 07:03:50,726 - INFO - Running data quality monitoring job.
2025-05-17 07:03:50,733 - INFO - Missing Rate per column: {'age': 0.013574660633484163, 'sex': 0.0, 'bmi': 0.0022624434389140274, 'bp': 0.0, 's1': 0.0, 's2': 0.0, 's3': 0.0, 's4': 0.0, 's5': 0.0, 's6': 0.0, 'fake_column': 0.0}
2025-05-17 07:03:50,733 - INFO - Row Missing Fraction: 0.0158
2025-05-17 07:03:50,733 - INFO - Schema Mismatches: {}
2025-05-17 07:03:50,733 - INFO - Job completed.

2025-05-17 07:04:00,743 - INFO - Running data quality monitoring job.
2025-05-17 07:04:00,748 - INFO - Missing Rate per column: {'age': 0.013574660633484163, 'sex': 0.0, 'bmi': 0.0022624434389140274, 'bp': 0.0, 's1': 0.0, 's2': 0.0, 's3': 0.0, 's4': 0.0, 's5': 0.0, 's6': 0.0, 'fake_column': 0.0}
2025-05-17 07:04:00,748 - INFO - Row Missing Fraction: 0.0158
2025-05-17 07:04:00,748 - INFO - Schema Mismatches: {}
2025-05-17 07:04:00,748 - INFO - Job completed.

2025-05-17 07:04:10,758 - INFO - Running data quality monitoring job.
2025-05-17 07:04:10,763 - INFO - Missing Rate per column: {'age': 0.013574660633484163, 'sex': 0.0, 'bmi': 0.0022624434389140274, 'bp': 0.0, 's1': 0.0, 's2': 0.0, 's3': 0.0, 's4': 0.0, 's5': 0.0, 's6': 0.0, 'fake_column': 0.0}
2025-05-17 07:04:10,763 - INFO - Row Missing Fraction: 0.0158
2025-05-17 07:04:10,763 - INFO - Schema Mismatches: {}
2025-05-17 07:04:10,763 - INFO - Job completed.

2025-05-17 07:04:27,712 - INFO - Running data quality monitoring job.
2025-05-17 07:04:27,719 - INFO - Missing Rate per column: {'age': 0.013574660633484163, 'sex': 0.0, 'bmi': 0.0022624434389140274, 'bp': 0.0, 's1': 0.0, 's2': 0.0, 's3': 0.0, 's4': 0.0, 's5': 0.0, 's6': 0.0, 'fake_column': 0.0}
2025-05-17 07:04:27,719 - INFO - Row Missing Fraction: 0.0158
2025-05-17 07:04:27,719 - INFO - Schema Mismatches: {}
2025-05-17 07:04:27,719 - INFO - Job completed.

2025-05-17 07:04:37,712 - INFO - Running data quality monitoring job.
2025-05-17 07:04:37,717 - INFO - Missing Rate per column: {'age': 0.013574660633484163, 'sex': 0.0, 'bmi': 0.0022624434389140274, 'bp': 0.0, 's1': 0.0, 's2': 0.0, 's3': 0.0, 's4': 0.0, 's5': 0.0, 's6': 0.0, 'fake_column': 0.0}
2025-05-17 07:04:37,717 - INFO - Row Missing Fraction: 0.0158
2025-05-17 07:04:37,717 - INFO - Schema Mismatches: {}
2025-05-17 07:04:37,717 - INFO - Job completed.

2025-05-17 07:04:37,719 - INFO - Running data quality monitoring job.
2025-05-17 07:04:37,723 - INFO - Missing Rate per column: {'age': 0.013574660633484163, 'sex': 0.0, 'bmi': 0.0022624434389140274, 'bp': 0.0, 's1': 0.0, 's2': 0.0, 's3': 0.0, 's4': 0.0, 's5': 0.0, 's6': 0.0, 'fake_column': 0.0}
2025-05-17 07:04:37,723 - INFO - Row Missing Fraction: 0.0158
2025-05-17 07:04:37,723 - INFO - Schema Mismatches: {}
2025-05-17 07:04:37,723 - INFO - Job completed.

2025-05-17 07:04:47,717 - INFO - Running data quality monitoring job.
2025-05-17 07:04:47,722 - INFO - Missing Rate per column: {'age': 0.013574660633484163, 'sex': 0.0, 'bmi': 0.0022624434389140274, 'bp': 0.0, 's1': 0.0, 's2': 0.0, 's3': 0.0, 's4': 0.0, 's5': 0.0, 's6': 0.0, 'fake_column': 0.0}
2025-05-17 07:04:47,722 - INFO - Row Missing Fraction: 0.0158
2025-05-17 07:04:47,722 - INFO - Schema Mismatches: {}
2025-05-17 07:04:47,722 - INFO - Job completed.

2025-05-17 07:04:47,723 - INFO - Running data quality monitoring job.
2025-05-17 07:04:47,726 - INFO - Missing Rate per column: {'age': 0.013574660633484163, 'sex': 0.0, 'bmi': 0.0022624434389140274, 'bp': 0.0, 's1': 0.0, 's2': 0.0, 's3': 0.0, 's4': 0.0, 's5': 0.0, 's6': 0.0, 'fake_column': 0.0}
2025-05-17 07:04:47,727 - INFO - Row Missing Fraction: 0.0158
2025-05-17 07:04:47,727 - INFO - Schema Mismatches: {}
2025-05-17 07:04:47,727 - INFO - Job completed.

2025-05-17 07:04:57,722 - INFO - Running data quality monitoring job.
2025-05-17 07:04:57,726 - INFO - Missing Rate per column: {'age': 0.013574660633484163, 'sex': 0.0, 'bmi': 0.0022624434389140274, 'bp': 0.0, 's1': 0.0, 's2': 0.0, 's3': 0.0, 's4': 0.0, 's5': 0.0, 's6': 0.0, 'fake_column': 0.0}
2025-05-17 07:04:57,726 - INFO - Row Missing Fraction: 0.0158
2025-05-17 07:04:57,727 - INFO - Schema Mismatches: {}
2025-05-17 07:04:57,727 - INFO - Job completed.

2025-05-17 07:04:57,727 - INFO - Running data quality monitoring job.
2025-05-17 07:04:57,730 - INFO - Missing Rate per column: {'age': 0.013574660633484163, 'sex': 0.0, 'bmi': 0.0022624434389140274, 'bp': 0.0, 's1': 0.0, 's2': 0.0, 's3': 0.0, 's4': 0.0, 's5': 0.0, 's6': 0.0, 'fake_column': 0.0}
2025-05-17 07:04:57,730 - INFO - Row Missing Fraction: 0.0158
2025-05-17 07:04:57,730 - INFO - Schema Mismatches: {}
2025-05-17 07:04:57,731 - INFO - Job completed.

2025-05-17 07:05:07,727 - INFO - Running data quality monitoring job.
2025-05-17 07:05:07,731 - INFO - Missing Rate per column: {'age': 0.013574660633484163, 'sex': 0.0, 'bmi': 0.0022624434389140274, 'bp': 0.0, 's1': 0.0, 's2': 0.0, 's3': 0.0, 's4': 0.0, 's5': 0.0, 's6': 0.0, 'fake_column': 0.0}
2025-05-17 07:05:07,731 - INFO - Row Missing Fraction: 0.0158
2025-05-17 07:05:07,731 - INFO - Schema Mismatches: {}
2025-05-17 07:05:07,731 - INFO - Job completed.

2025-05-17 07:05:07,732 - INFO - Running data quality monitoring job.
2025-05-17 07:05:07,735 - INFO - Missing Rate per column: {'age': 0.013574660633484163, 'sex': 0.0, 'bmi': 0.0022624434389140274, 'bp': 0.0, 's1': 0.0, 's2': 0.0, 's3': 0.0, 's4': 0.0, 's5': 0.0, 's6': 0.0, 'fake_column': 0.0}
2025-05-17 07:05:07,735 - INFO - Row Missing Fraction: 0.0158
2025-05-17 07:05:07,735 - INFO - Schema Mismatches: {}
2025-05-17 07:05:07,735 - INFO - Job completed.

2025-05-17 07:05:17,732 - INFO - Running data quality monitoring job.
2025-05-17 07:05:17,736 - INFO - Missing Rate per column: {'age': 0.013574660633484163, 'sex': 0.0, 'bmi': 0.0022624434389140274, 'bp': 0.0, 's1': 0.0, 's2': 0.0, 's3': 0.0, 's4': 0.0, 's5': 0.0, 's6': 0.0, 'fake_column': 0.0}
2025-05-17 07:05:17,736 - INFO - Row Missing Fraction: 0.0158
2025-05-17 07:05:17,736 - INFO - Schema Mismatches: {}
2025-05-17 07:05:17,736 - INFO - Job completed.

2025-05-17 07:05:17,736 - INFO - Running data quality monitoring job.
2025-05-17 07:05:17,740 - INFO - Missing Rate per column: {'age': 0.013574660633484163, 'sex': 0.0, 'bmi': 0.0022624434389140274, 'bp': 0.0, 's1': 0.0, 's2': 0.0, 's3': 0.0, 's4': 0.0, 's5': 0.0, 's6': 0.0, 'fake_column': 0.0}
2025-05-17 07:05:17,740 - INFO - Row Missing Fraction: 0.0158
2025-05-17 07:05:17,740 - INFO - Schema Mismatches: {}
2025-05-17 07:05:17,740 - INFO - Job completed.

2025-05-17 07:05:27,736 - INFO - Running data quality monitoring job.
2025-05-17 07:05:27,741 - INFO - Missing Rate per column: {'age': 0.013574660633484163, 'sex': 0.0, 'bmi': 0.0022624434389140274, 'bp': 0.0, 's1': 0.0, 's2': 0.0, 's3': 0.0, 's4': 0.0, 's5': 0.0, 's6': 0.0, 'fake_column': 0.0}
2025-05-17 07:05:27,741 - INFO - Row Missing Fraction: 0.0158
2025-05-17 07:05:27,741 - INFO - Schema Mismatches: {}
2025-05-17 07:05:27,741 - INFO - Job completed.

2025-05-17 07:05:27,741 - INFO - Running data quality monitoring job.
2025-05-17 07:05:27,744 - INFO - Missing Rate per column: {'age': 0.013574660633484163, 'sex': 0.0, 'bmi': 0.0022624434389140274, 'bp': 0.0, 's1': 0.0, 's2': 0.0, 's3': 0.0, 's4': 0.0, 's5': 0.0, 's6': 0.0, 'fake_column': 0.0}
2025-05-17 07:05:27,745 - INFO - Row Missing Fraction: 0.0158
2025-05-17 07:05:27,745 - INFO - Schema Mismatches: {}
2025-05-17 07:05:27,745 - INFO - Job completed.

2025-05-17 07:05:37,741 - INFO - Running data quality monitoring job.
2025-05-17 07:05:37,745 - INFO - Missing Rate per column: {'age': 0.013574660633484163, 'sex': 0.0, 'bmi': 0.0022624434389140274, 'bp': 0.0, 's1': 0.0, 's2': 0.0, 's3': 0.0, 's4': 0.0, 's5': 0.0, 's6': 0.0, 'fake_column': 0.0}
2025-05-17 07:05:37,745 - INFO - Row Missing Fraction: 0.0158
2025-05-17 07:05:37,746 - INFO - Schema Mismatches: {}
2025-05-17 07:05:37,746 - INFO - Job completed.

2025-05-17 07:05:37,746 - INFO - Running data quality monitoring job.
2025-05-17 07:05:37,749 - INFO - Missing Rate per column: {'age': 0.013574660633484163, 'sex': 0.0, 'bmi': 0.0022624434389140274, 'bp': 0.0, 's1': 0.0, 's2': 0.0, 's3': 0.0, 's4': 0.0, 's5': 0.0, 's6': 0.0, 'fake_column': 0.0}
2025-05-17 07:05:37,749 - INFO - Row Missing Fraction: 0.0158
2025-05-17 07:05:37,749 - INFO - Schema Mismatches: {}
2025-05-17 07:05:37,749 - INFO - Job completed.

2025-05-17 07:06:08,603 - INFO - Running data quality monitoring job.
2025-05-17 07:06:08,610 - INFO - Missing Rate per column: {'age': 0.013574660633484163, 'sex': 0.0, 'bmi': 0.0022624434389140274, 'bp': 0.0, 's1': 0.0, 's2': 0.0, 's3': 0.0, 's4': 0.0, 's5': 0.0, 's6': 0.0, 'fake_column': 0.0}
2025-05-17 07:06:08,610 - INFO - Row Missing Fraction: 0.0158
2025-05-17 07:06:08,610 - INFO - Schema Mismatches: {}
2025-05-17 07:06:08,610 - INFO - Job completed.

2025-05-17 07:06:08,610 - INFO - Running data quality monitoring job.
2025-05-17 07:06:08,614 - INFO - Missing Rate per column: {'age': 0.013574660633484163, 'sex': 0.0, 'bmi': 0.0022624434389140274, 'bp': 0.0, 's1': 0.0, 's2': 0.0, 's3': 0.0, 's4': 0.0, 's5': 0.0, 's6': 0.0, 'fake_column': 0.0}
2025-05-17 07:06:08,614 - INFO - Row Missing Fraction: 0.0158
2025-05-17 07:06:08,614 - INFO - Schema Mismatches: {}
2025-05-17 07:06:08,614 - INFO - Job completed.

2025-05-17 07:06:18,624 - INFO - Running data quality monitoring job.
2025-05-17 07:06:18,629 - INFO - Missing Rate per column: {'age': 0.013574660633484163, 'sex': 0.0, 'bmi': 0.0022624434389140274, 'bp': 0.0, 's1': 0.0, 's2': 0.0, 's3': 0.0, 's4': 0.0, 's5': 0.0, 's6': 0.0, 'fake_column': 0.0}
2025-05-17 07:06:18,629 - INFO - Row Missing Fraction: 0.0158
2025-05-17 07:06:18,629 - INFO - Job completed.

2025-05-17 07:06:18,629 - INFO - Running data quality monitoring job.
2025-05-17 07:06:18,633 - INFO - Missing Rate per column: {'age': 0.013574660633484163, 'sex': 0.0, 'bmi': 0.0022624434389140274, 'bp': 0.0, 's1': 0.0, 's2': 0.0, 's3': 0.0, 's4': 0.0, 's5': 0.0, 's6': 0.0, 'fake_column': 0.0}
2025-05-17 07:06:18,633 - INFO - Row Missing Fraction: 0.0158
2025-05-17 07:06:18,633 - INFO - Schema Mismatches: {}
2025-05-17 07:06:18,633 - INFO - Job completed.

2025-05-17 07:06:18,633 - INFO - Running data quality monitoring job.
2025-05-17 07:06:18,637 - INFO - Missing Rate per column: {'age': 0.013574660633484163, 'sex': 0.0, 'bmi': 0.0022624434389140274, 'bp': 0.0, 's1': 0.0, 's2': 0.0, 's3': 0.0, 's4': 0.0, 's5': 0.0, 's6': 0.0, 'fake_column': 0.0}
2025-05-17 07:06:18,637 - INFO - Row Missing Fraction: 0.0158
2025-05-17 07:06:18,637 - INFO - Schema Mismatches: {}
2025-05-17 07:06:18,637 - INFO - Job completed.

2025-05-17 07:06:28,648 - INFO - Running data quality monitoring job.
2025-05-17 07:06:28,652 - INFO - Missing Rate per column: {'age': 0.013574660633484163, 'sex': 0.0, 'bmi': 0.0022624434389140274, 'bp': 0.0, 's1': 0.0, 's2': 0.0, 's3': 0.0, 's4': 0.0, 's5': 0.0, 's6': 0.0, 'fake_column': 0.0}
2025-05-17 07:06:28,652 - INFO - Row Missing Fraction: 0.0158
2025-05-17 07:06:28,652 - INFO - Job completed.

2025-05-17 07:06:28,653 - INFO - Running data quality monitoring job.
2025-05-17 07:06:28,656 - INFO - Missing Rate per column: {'age': 0.013574660633484163, 'sex': 0.0, 'bmi': 0.0022624434389140274, 'bp': 0.0, 's1': 0.0, 's2': 0.0, 's3': 0.0, 's4': 0.0, 's5': 0.0, 's6': 0.0, 'fake_column': 0.0}
2025-05-17 07:06:28,656 - INFO - Row Missing Fraction: 0.0158
2025-05-17 07:06:28,656 - INFO - Schema Mismatches: {}
2025-05-17 07:06:28,656 - INFO - Job completed.

2025-05-17 07:06:28,656 - INFO - Running data quality monitoring job.
2025-05-17 07:06:28,660 - INFO - Missing Rate per column: {'age': 0.013574660633484163, 'sex': 0.0, 'bmi': 0.0022624434389140274, 'bp': 0.0, 's1': 0.0, 's2': 0.0, 's3': 0.0, 's4': 0.0, 's5': 0.0, 's6': 0.0, 'fake_column': 0.0}
2025-05-17 07:06:28,660 - INFO - Row Missing Fraction: 0.0158
2025-05-17 07:06:28,660 - INFO - Schema Mismatches: {}
2025-05-17 07:06:28,660 - INFO - Job completed.

2025-05-17 07:07:06,365 - INFO - Running data quality monitoring job.
2025-05-17 07:07:06,371 - INFO - Missing Rate per column: {'age': 0.013574660633484163, 'sex': 0.0, 'bmi': 0.0022624434389140274, 'bp': 0.0, 's1': 0.0, 's2': 0.0, 's3': 0.0, 's4': 0.0, 's5': 0.0, 's6': 0.0, 'fake_column': 0.0}
2025-05-17 07:07:06,371 - INFO - Row Missing Fraction: 0.0158
2025-05-17 07:07:06,371 - INFO - Job completed.

2025-05-17 07:07:06,371 - INFO - Running data quality monitoring job.
2025-05-17 07:07:06,375 - INFO - Missing Rate per column: {'age': 0.013574660633484163, 'sex': 0.0, 'bmi': 0.0022624434389140274, 'bp': 0.0, 's1': 0.0, 's2': 0.0, 's3': 0.0, 's4': 0.0, 's5': 0.0, 's6': 0.0, 'fake_column': 0.0}
2025-05-17 07:07:06,375 - INFO - Row Missing Fraction: 0.0158
2025-05-17 07:07:06,375 - INFO - Schema Mismatches: {}
2025-05-17 07:07:06,375 - INFO - Job completed.

2025-05-17 07:07:06,375 - INFO - Running data quality monitoring job.
2025-05-17 07:07:06,379 - INFO - Missing Rate per column: {'age': 0.013574660633484163, 'sex': 0.0, 'bmi': 0.0022624434389140274, 'bp': 0.0, 's1': 0.0, 's2': 0.0, 's3': 0.0, 's4': 0.0, 's5': 0.0, 's6': 0.0, 'fake_column': 0.0}
2025-05-17 07:07:06,379 - INFO - Row Missing Fraction: 0.0158
2025-05-17 07:07:06,379 - INFO - Schema Mismatches: {}
2025-05-17 07:07:06,379 - INFO - Job completed.

2025-05-17 07:07:16,389 - INFO - Running data quality monitoring job.
2025-05-17 07:07:16,394 - INFO - Missing Rate per column: {'age': 0.013574660633484163, 'sex': 0.0, 'bmi': 0.0022624434389140274, 'bp': 0.0, 's1': 0.0, 's2': 0.0, 's3': 0.0, 's4': 0.0, 's5': 0.0, 's6': 0.0, 'fake_column': 0.0}
2025-05-17 07:07:16,394 - INFO - Row Missing Fraction: 0.0158
2025-05-17 07:07:16,394 - INFO - Job completed.

2025-05-17 07:07:16,394 - INFO - Running data quality monitoring job.
2025-05-17 07:07:16,398 - INFO - Missing Rate per column: {'age': 0.013574660633484163, 'sex': 0.0, 'bmi': 0.0022624434389140274, 'bp': 0.0, 's1': 0.0, 's2': 0.0, 's3': 0.0, 's4': 0.0, 's5': 0.0, 's6': 0.0, 'fake_column': 0.0}
2025-05-17 07:07:16,398 - INFO - Row Missing Fraction: 0.0158
2025-05-17 07:07:16,398 - INFO - Job completed.

2025-05-17 07:07:16,398 - INFO - Running data quality monitoring job.
2025-05-17 07:07:16,401 - INFO - Missing Rate per column: {'age': 0.013574660633484163, 'sex': 0.0, 'bmi': 0.0022624434389140274, 'bp': 0.0, 's1': 0.0, 's2': 0.0, 's3': 0.0, 's4': 0.0, 's5': 0.0, 's6': 0.0, 'fake_column': 0.0}
2025-05-17 07:07:16,401 - INFO - Row Missing Fraction: 0.0158
2025-05-17 07:07:16,402 - INFO - Schema Mismatches: {}
2025-05-17 07:07:16,402 - INFO - Job completed.

2025-05-17 07:07:16,402 - INFO - Running data quality monitoring job.
2025-05-17 07:07:16,405 - INFO - Missing Rate per column: {'age': 0.013574660633484163, 'sex': 0.0, 'bmi': 0.0022624434389140274, 'bp': 0.0, 's1': 0.0, 's2': 0.0, 's3': 0.0, 's4': 0.0, 's5': 0.0, 's6': 0.0, 'fake_column': 0.0}
2025-05-17 07:07:16,405 - INFO - Row Missing Fraction: 0.0158
2025-05-17 07:07:16,405 - INFO - Schema Mismatches: {}
2025-05-17 07:07:16,405 - INFO - Job completed.

2025-05-17 07:07:26,416 - INFO - Running data quality monitoring job.
2025-05-17 07:07:26,421 - INFO - Missing Rate per column: {'age': 0.013574660633484163, 'sex': 0.0, 'bmi': 0.0022624434389140274, 'bp': 0.0, 's1': 0.0, 's2': 0.0, 's3': 0.0, 's4': 0.0, 's5': 0.0, 's6': 0.0, 'fake_column': 0.0}
2025-05-17 07:07:26,421 - INFO - Row Missing Fraction: 0.0158
2025-05-17 07:07:26,421 - INFO - Job completed.

2025-05-17 07:07:26,421 - INFO - Running data quality monitoring job.
2025-05-17 07:07:26,424 - INFO - Missing Rate per column: {'age': 0.013574660633484163, 'sex': 0.0, 'bmi': 0.0022624434389140274, 'bp': 0.0, 's1': 0.0, 's2': 0.0, 's3': 0.0, 's4': 0.0, 's5': 0.0, 's6': 0.0, 'fake_column': 0.0}
2025-05-17 07:07:26,424 - INFO - Row Missing Fraction: 0.0158
2025-05-17 07:07:26,424 - INFO - Job completed.

2025-05-17 07:07:26,424 - INFO - Running data quality monitoring job.
2025-05-17 07:07:26,428 - INFO - Missing Rate per column: {'age': 0.013574660633484163, 'sex': 0.0, 'bmi': 0.0022624434389140274, 'bp': 0.0, 's1': 0.0, 's2': 0.0, 's3': 0.0, 's4': 0.0, 's5': 0.0, 's6': 0.0, 'fake_column': 0.0}
2025-05-17 07:07:26,428 - INFO - Row Missing Fraction: 0.0158
2025-05-17 07:07:26,428 - INFO - Schema Mismatches: {}
2025-05-17 07:07:26,428 - INFO - Job completed.

2025-05-17 07:07:26,428 - INFO - Running data quality monitoring job.
2025-05-17 07:07:26,431 - INFO - Missing Rate per column: {'age': 0.013574660633484163, 'sex': 0.0, 'bmi': 0.0022624434389140274, 'bp': 0.0, 's1': 0.0, 's2': 0.0, 's3': 0.0, 's4': 0.0, 's5': 0.0, 's6': 0.0, 'fake_column': 0.0}
2025-05-17 07:07:26,431 - INFO - Row Missing Fraction: 0.0158
2025-05-17 07:07:26,431 - INFO - Schema Mismatches: {}
2025-05-17 07:07:26,432 - INFO - Job completed.

2025-05-17 07:07:36,442 - INFO - Running data quality monitoring job.
2025-05-17 07:07:36,447 - INFO - Missing Rate per column: {'age': 0.013574660633484163, 'sex': 0.0, 'bmi': 0.0022624434389140274, 'bp': 0.0, 's1': 0.0, 's2': 0.0, 's3': 0.0, 's4': 0.0, 's5': 0.0, 's6': 0.0, 'fake_column': 0.0}
2025-05-17 07:07:36,447 - INFO - Row Missing Fraction: 0.0158
2025-05-17 07:07:36,447 - INFO - Job completed.

2025-05-17 07:07:36,447 - INFO - Running data quality monitoring job.
2025-05-17 07:07:36,451 - INFO - Missing Rate per column: {'age': 0.013574660633484163, 'sex': 0.0, 'bmi': 0.0022624434389140274, 'bp': 0.0, 's1': 0.0, 's2': 0.0, 's3': 0.0, 's4': 0.0, 's5': 0.0, 's6': 0.0, 'fake_column': 0.0}
2025-05-17 07:07:36,451 - INFO - Row Missing Fraction: 0.0158
2025-05-17 07:07:36,451 - INFO - Job completed.

2025-05-17 07:07:36,451 - INFO - Running data quality monitoring job.
2025-05-17 07:07:36,454 - INFO - Missing Rate per column: {'age': 0.013574660633484163, 'sex': 0.0, 'bmi': 0.0022624434389140274, 'bp': 0.0, 's1': 0.0, 's2': 0.0, 's3': 0.0, 's4': 0.0, 's5': 0.0, 's6': 0.0, 'fake_column': 0.0}
2025-05-17 07:07:36,454 - INFO - Row Missing Fraction: 0.0158
2025-05-17 07:07:36,454 - INFO - Schema Mismatches: {}
2025-05-17 07:07:36,454 - INFO - Job completed.

2025-05-17 07:07:36,454 - INFO - Running data quality monitoring job.
2025-05-17 07:07:36,458 - INFO - Missing Rate per column: {'age': 0.013574660633484163, 'sex': 0.0, 'bmi': 0.0022624434389140274, 'bp': 0.0, 's1': 0.0, 's2': 0.0, 's3': 0.0, 's4': 0.0, 's5': 0.0, 's6': 0.0, 'fake_column': 0.0}
2025-05-17 07:07:36,458 - INFO - Row Missing Fraction: 0.0158
2025-05-17 07:07:36,458 - INFO - Schema Mismatches: {}
2025-05-17 07:07:36,458 - INFO - Job completed.

2025-05-17 07:07:46,468 - INFO - Running data quality monitoring job.
2025-05-17 07:07:46,473 - INFO - Missing Rate per column: {'age': 0.013574660633484163, 'sex': 0.0, 'bmi': 0.0022624434389140274, 'bp': 0.0, 's1': 0.0, 's2': 0.0, 's3': 0.0, 's4': 0.0, 's5': 0.0, 's6': 0.0, 'fake_column': 0.0}
2025-05-17 07:07:46,473 - INFO - Row Missing Fraction: 0.0158
2025-05-17 07:07:46,473 - INFO - Job completed.

2025-05-17 07:07:46,473 - INFO - Running data quality monitoring job.
2025-05-17 07:07:46,476 - INFO - Missing Rate per column: {'age': 0.013574660633484163, 'sex': 0.0, 'bmi': 0.0022624434389140274, 'bp': 0.0, 's1': 0.0, 's2': 0.0, 's3': 0.0, 's4': 0.0, 's5': 0.0, 's6': 0.0, 'fake_column': 0.0}
2025-05-17 07:07:46,476 - INFO - Row Missing Fraction: 0.0158
2025-05-17 07:07:46,477 - INFO - Job completed.

2025-05-17 07:07:46,477 - INFO - Running data quality monitoring job.
2025-05-17 07:07:46,480 - INFO - Missing Rate per column: {'age': 0.013574660633484163, 'sex': 0.0, 'bmi': 0.0022624434389140274, 'bp': 0.0, 's1': 0.0, 's2': 0.0, 's3': 0.0, 's4': 0.0, 's5': 0.0, 's6': 0.0, 'fake_column': 0.0}
2025-05-17 07:07:46,480 - INFO - Row Missing Fraction: 0.0158
2025-05-17 07:07:46,480 - INFO - Schema Mismatches: {}
2025-05-17 07:07:46,480 - INFO - Job completed.

2025-05-17 07:07:46,480 - INFO - Running data quality monitoring job.
2025-05-17 07:07:46,484 - INFO - Missing Rate per column: {'age': 0.013574660633484163, 'sex': 0.0, 'bmi': 0.0022624434389140274, 'bp': 0.0, 's1': 0.0, 's2': 0.0, 's3': 0.0, 's4': 0.0, 's5': 0.0, 's6': 0.0, 'fake_column': 0.0}
2025-05-17 07:07:46,484 - INFO - Row Missing Fraction: 0.0158
2025-05-17 07:07:46,484 - INFO - Schema Mismatches: {}
2025-05-17 07:07:46,484 - INFO - Job completed.

2025-05-17 07:07:56,495 - INFO - Running data quality monitoring job.
2025-05-17 07:07:56,500 - INFO - Missing Rate per column: {'age': 0.013574660633484163, 'sex': 0.0, 'bmi': 0.0022624434389140274, 'bp': 0.0, 's1': 0.0, 's2': 0.0, 's3': 0.0, 's4': 0.0, 's5': 0.0, 's6': 0.0, 'fake_column': 0.0}
2025-05-17 07:07:56,500 - INFO - Row Missing Fraction: 0.0158
2025-05-17 07:07:56,500 - INFO - Job completed.

2025-05-17 07:07:56,500 - INFO - Running data quality monitoring job.
2025-05-17 07:07:56,503 - INFO - Missing Rate per column: {'age': 0.013574660633484163, 'sex': 0.0, 'bmi': 0.0022624434389140274, 'bp': 0.0, 's1': 0.0, 's2': 0.0, 's3': 0.0, 's4': 0.0, 's5': 0.0, 's6': 0.0, 'fake_column': 0.0}
2025-05-17 07:07:56,504 - INFO - Row Missing Fraction: 0.0158
2025-05-17 07:07:56,504 - INFO - Job completed.

2025-05-17 07:07:56,504 - INFO - Running data quality monitoring job.
2025-05-17 07:07:56,507 - INFO - Missing Rate per column: {'age': 0.013574660633484163, 'sex': 0.0, 'bmi': 0.0022624434389140274, 'bp': 0.0, 's1': 0.0, 's2': 0.0, 's3': 0.0, 's4': 0.0, 's5': 0.0, 's6': 0.0, 'fake_column': 0.0}
2025-05-17 07:07:56,507 - INFO - Row Missing Fraction: 0.0158
2025-05-17 07:07:56,507 - INFO - Schema Mismatches: {}
2025-05-17 07:07:56,507 - INFO - Job completed.

2025-05-17 07:07:56,507 - INFO - Running data quality monitoring job.
2025-05-17 07:07:56,511 - INFO - Missing Rate per column: {'age': 0.013574660633484163, 'sex': 0.0, 'bmi': 0.0022624434389140274, 'bp': 0.0, 's1': 0.0, 's2': 0.0, 's3': 0.0, 's4': 0.0, 's5': 0.0, 's6': 0.0, 'fake_column': 0.0}
2025-05-17 07:07:56,511 - INFO - Row Missing Fraction: 0.0158
2025-05-17 07:07:56,511 - INFO - Schema Mismatches: {}
2025-05-17 07:07:56,511 - INFO - Job completed.

2025-05-17 07:08:06,521 - INFO - Running data quality monitoring job.
2025-05-17 07:08:06,525 - INFO - Missing Rate per column: {'age': 0.013574660633484163, 'sex': 0.0, 'bmi': 0.0022624434389140274, 'bp': 0.0, 's1': 0.0, 's2': 0.0, 's3': 0.0, 's4': 0.0, 's5': 0.0, 's6': 0.0, 'fake_column': 0.0}
2025-05-17 07:08:06,525 - INFO - Row Missing Fraction: 0.0158
2025-05-17 07:08:06,525 - INFO - Job completed.

2025-05-17 07:08:06,525 - INFO - Running data quality monitoring job.
2025-05-17 07:08:06,529 - INFO - Missing Rate per column: {'age': 0.013574660633484163, 'sex': 0.0, 'bmi': 0.0022624434389140274, 'bp': 0.0, 's1': 0.0, 's2': 0.0, 's3': 0.0, 's4': 0.0, 's5': 0.0, 's6': 0.0, 'fake_column': 0.0}
2025-05-17 07:08:06,529 - INFO - Row Missing Fraction: 0.0158
2025-05-17 07:08:06,529 - INFO - Job completed.

2025-05-17 07:08:06,529 - INFO - Running data quality monitoring job.
2025-05-17 07:08:06,533 - INFO - Missing Rate per column: {'age': 0.013574660633484163, 'sex': 0.0, 'bmi': 0.0022624434389140274, 'bp': 0.0, 's1': 0.0, 's2': 0.0, 's3': 0.0, 's4': 0.0, 's5': 0.0, 's6': 0.0, 'fake_column': 0.0}
2025-05-17 07:08:06,533 - INFO - Row Missing Fraction: 0.0158
2025-05-17 07:08:06,533 - INFO - Schema Mismatches: {}
2025-05-17 07:08:06,533 - INFO - Job completed.

2025-05-17 07:08:06,533 - INFO - Running data quality monitoring job.
2025-05-17 07:08:06,536 - INFO - Missing Rate per column: {'age': 0.013574660633484163, 'sex': 0.0, 'bmi': 0.0022624434389140274, 'bp': 0.0, 's1': 0.0, 's2': 0.0, 's3': 0.0, 's4': 0.0, 's5': 0.0, 's6': 0.0, 'fake_column': 0.0}
2025-05-17 07:08:06,537 - INFO - Row Missing Fraction: 0.0158
2025-05-17 07:08:06,537 - INFO - Schema Mismatches: {}
2025-05-17 07:08:06,537 - INFO - Job completed.

2025-05-17 07:08:16,547 - INFO - Running data quality monitoring job.
2025-05-17 07:08:16,552 - INFO - Missing Rate per column: {'age': 0.013574660633484163, 'sex': 0.0, 'bmi': 0.0022624434389140274, 'bp': 0.0, 's1': 0.0, 's2': 0.0, 's3': 0.0, 's4': 0.0, 's5': 0.0, 's6': 0.0, 'fake_column': 0.0}
2025-05-17 07:08:16,552 - INFO - Row Missing Fraction: 0.0158
2025-05-17 07:08:16,552 - INFO - Job completed.

2025-05-17 07:08:16,552 - INFO - Running data quality monitoring job.
2025-05-17 07:08:16,556 - INFO - Missing Rate per column: {'age': 0.013574660633484163, 'sex': 0.0, 'bmi': 0.0022624434389140274, 'bp': 0.0, 's1': 0.0, 's2': 0.0, 's3': 0.0, 's4': 0.0, 's5': 0.0, 's6': 0.0, 'fake_column': 0.0}
2025-05-17 07:08:16,556 - INFO - Row Missing Fraction: 0.0158
2025-05-17 07:08:16,556 - INFO - Job completed.

2025-05-17 07:08:16,556 - INFO - Running data quality monitoring job.
2025-05-17 07:08:16,559 - INFO - Missing Rate per column: {'age': 0.013574660633484163, 'sex': 0.0, 'bmi': 0.0022624434389140274, 'bp': 0.0, 's1': 0.0, 's2': 0.0, 's3': 0.0, 's4': 0.0, 's5': 0.0, 's6': 0.0, 'fake_column': 0.0}
2025-05-17 07:08:16,559 - INFO - Row Missing Fraction: 0.0158
2025-05-17 07:08:16,560 - INFO - Schema Mismatches: {}
2025-05-17 07:08:16,560 - INFO - Job completed.

2025-05-17 07:08:16,560 - INFO - Running data quality monitoring job.
2025-05-17 07:08:16,563 - INFO - Missing Rate per column: {'age': 0.013574660633484163, 'sex': 0.0, 'bmi': 0.0022624434389140274, 'bp': 0.0, 's1': 0.0, 's2': 0.0, 's3': 0.0, 's4': 0.0, 's5': 0.0, 's6': 0.0, 'fake_column': 0.0}
2025-05-17 07:08:16,563 - INFO - Row Missing Fraction: 0.0158
2025-05-17 07:08:16,563 - INFO - Schema Mismatches: {}
2025-05-17 07:08:16,563 - INFO - Job completed.

2025-05-17 07:08:26,574 - INFO - Running data quality monitoring job.
2025-05-17 07:08:26,579 - INFO - Missing Rate per column: {'age': 0.013574660633484163, 'sex': 0.0, 'bmi': 0.0022624434389140274, 'bp': 0.0, 's1': 0.0, 's2': 0.0, 's3': 0.0, 's4': 0.0, 's5': 0.0, 's6': 0.0, 'fake_column': 0.0}
2025-05-17 07:08:26,579 - INFO - Row Missing Fraction: 0.0158
2025-05-17 07:08:26,579 - INFO - Job completed.

2025-05-17 07:08:26,579 - INFO - Running data quality monitoring job.
2025-05-17 07:08:26,582 - INFO - Missing Rate per column: {'age': 0.013574660633484163, 'sex': 0.0, 'bmi': 0.0022624434389140274, 'bp': 0.0, 's1': 0.0, 's2': 0.0, 's3': 0.0, 's4': 0.0, 's5': 0.0, 's6': 0.0, 'fake_column': 0.0}
2025-05-17 07:08:26,582 - INFO - Row Missing Fraction: 0.0158
2025-05-17 07:08:26,583 - INFO - Job completed.

2025-05-17 07:08:26,583 - INFO - Running data quality monitoring job.
2025-05-17 07:08:26,586 - INFO - Missing Rate per column: {'age': 0.013574660633484163, 'sex': 0.0, 'bmi': 0.0022624434389140274, 'bp': 0.0, 's1': 0.0, 's2': 0.0, 's3': 0.0, 's4': 0.0, 's5': 0.0, 's6': 0.0, 'fake_column': 0.0}
2025-05-17 07:08:26,586 - INFO - Row Missing Fraction: 0.0158
2025-05-17 07:08:26,586 - INFO - Schema Mismatches: {}
2025-05-17 07:08:26,586 - INFO - Job completed.

2025-05-17 07:08:26,586 - INFO - Running data quality monitoring job.
2025-05-17 07:08:26,590 - INFO - Missing Rate per column: {'age': 0.013574660633484163, 'sex': 0.0, 'bmi': 0.0022624434389140274, 'bp': 0.0, 's1': 0.0, 's2': 0.0, 's3': 0.0, 's4': 0.0, 's5': 0.0, 's6': 0.0, 'fake_column': 0.0}
2025-05-17 07:08:26,590 - INFO - Row Missing Fraction: 0.0158
2025-05-17 07:08:26,590 - INFO - Schema Mismatches: {}
2025-05-17 07:08:26,590 - INFO - Job completed.

2025-05-17 07:08:36,601 - INFO - Running data quality monitoring job.
2025-05-17 07:08:36,605 - INFO - Missing Rate per column: {'age': 0.013574660633484163, 'sex': 0.0, 'bmi': 0.0022624434389140274, 'bp': 0.0, 's1': 0.0, 's2': 0.0, 's3': 0.0, 's4': 0.0, 's5': 0.0, 's6': 0.0, 'fake_column': 0.0}
2025-05-17 07:08:36,605 - INFO - Row Missing Fraction: 0.0158
2025-05-17 07:08:36,606 - INFO - Job completed.

2025-05-17 07:08:36,606 - INFO - Running data quality monitoring job.
2025-05-17 07:08:36,609 - INFO - Missing Rate per column: {'age': 0.013574660633484163, 'sex': 0.0, 'bmi': 0.0022624434389140274, 'bp': 0.0, 's1': 0.0, 's2': 0.0, 's3': 0.0, 's4': 0.0, 's5': 0.0, 's6': 0.0, 'fake_column': 0.0}
2025-05-17 07:08:36,609 - INFO - Row Missing Fraction: 0.0158
2025-05-17 07:08:36,609 - INFO - Job completed.

2025-05-17 07:08:36,609 - INFO - Running data quality monitoring job.
2025-05-17 07:08:36,613 - INFO - Missing Rate per column: {'age': 0.013574660633484163, 'sex': 0.0, 'bmi': 0.0022624434389140274, 'bp': 0.0, 's1': 0.0, 's2': 0.0, 's3': 0.0, 's4': 0.0, 's5': 0.0, 's6': 0.0, 'fake_column': 0.0}
2025-05-17 07:08:36,613 - INFO - Row Missing Fraction: 0.0158
2025-05-17 07:08:36,613 - INFO - Schema Mismatches: {}
2025-05-17 07:08:36,613 - INFO - Job completed.

2025-05-17 07:08:36,613 - INFO - Running data quality monitoring job.
2025-05-17 07:08:36,617 - INFO - Missing Rate per column: {'age': 0.013574660633484163, 'sex': 0.0, 'bmi': 0.0022624434389140274, 'bp': 0.0, 's1': 0.0, 's2': 0.0, 's3': 0.0, 's4': 0.0, 's5': 0.0, 's6': 0.0, 'fake_column': 0.0}
2025-05-17 07:08:36,617 - INFO - Row Missing Fraction: 0.0158
2025-05-17 07:08:36,617 - INFO - Schema Mismatches: {}
2025-05-17 07:08:36,617 - INFO - Job completed.

2025-05-17 07:08:46,631 - INFO - Running data quality monitoring job.
2025-05-17 07:08:46,635 - INFO - Missing Rate per column: {'age': 0.013574660633484163, 'sex': 0.0, 'bmi': 0.0022624434389140274, 'bp': 0.0, 's1': 0.0, 's2': 0.0, 's3': 0.0, 's4': 0.0, 's5': 0.0, 's6': 0.0, 'fake_column': 0.0}
2025-05-17 07:08:46,635 - INFO - Row Missing Fraction: 0.0158
2025-05-17 07:08:46,635 - INFO - Job completed.

2025-05-17 07:08:46,636 - INFO - Running data quality monitoring job.
2025-05-17 07:08:46,639 - INFO - Missing Rate per column: {'age': 0.013574660633484163, 'sex': 0.0, 'bmi': 0.0022624434389140274, 'bp': 0.0, 's1': 0.0, 's2': 0.0, 's3': 0.0, 's4': 0.0, 's5': 0.0, 's6': 0.0, 'fake_column': 0.0}
2025-05-17 07:08:46,639 - INFO - Row Missing Fraction: 0.0158
2025-05-17 07:08:46,639 - INFO - Job completed.

2025-05-17 07:08:46,639 - INFO - Running data quality monitoring job.
2025-05-17 07:08:46,643 - INFO - Missing Rate per column: {'age': 0.013574660633484163, 'sex': 0.0, 'bmi': 0.0022624434389140274, 'bp': 0.0, 's1': 0.0, 's2': 0.0, 's3': 0.0, 's4': 0.0, 's5': 0.0, 's6': 0.0, 'fake_column': 0.0}
2025-05-17 07:08:46,643 - INFO - Row Missing Fraction: 0.0158
2025-05-17 07:08:46,643 - INFO - Schema Mismatches: {}
2025-05-17 07:08:46,643 - INFO - Job completed.

2025-05-17 07:08:46,643 - INFO - Running data quality monitoring job.
2025-05-17 07:08:46,647 - INFO - Missing Rate per column: {'age': 0.013574660633484163, 'sex': 0.0, 'bmi': 0.0022624434389140274, 'bp': 0.0, 's1': 0.0, 's2': 0.0, 's3': 0.0, 's4': 0.0, 's5': 0.0, 's6': 0.0, 'fake_column': 0.0}
2025-05-17 07:08:46,647 - INFO - Row Missing Fraction: 0.0158
2025-05-17 07:08:46,647 - INFO - Schema Mismatches: {}
2025-05-17 07:08:46,647 - INFO - Job completed.

2025-05-17 07:08:56,657 - INFO - Running data quality monitoring job.
2025-05-17 07:08:56,661 - INFO - Missing Rate per column: {'age': 0.013574660633484163, 'sex': 0.0, 'bmi': 0.0022624434389140274, 'bp': 0.0, 's1': 0.0, 's2': 0.0, 's3': 0.0, 's4': 0.0, 's5': 0.0, 's6': 0.0, 'fake_column': 0.0}
2025-05-17 07:08:56,661 - INFO - Row Missing Fraction: 0.0158
2025-05-17 07:08:56,661 - INFO - Job completed.

2025-05-17 07:08:56,662 - INFO - Running data quality monitoring job.
2025-05-17 07:08:56,665 - INFO - Missing Rate per column: {'age': 0.013574660633484163, 'sex': 0.0, 'bmi': 0.0022624434389140274, 'bp': 0.0, 's1': 0.0, 's2': 0.0, 's3': 0.0, 's4': 0.0, 's5': 0.0, 's6': 0.0, 'fake_column': 0.0}
2025-05-17 07:08:56,665 - INFO - Row Missing Fraction: 0.0158
2025-05-17 07:08:56,665 - INFO - Job completed.

2025-05-17 07:08:56,665 - INFO - Running data quality monitoring job.
2025-05-17 07:08:56,669 - INFO - Missing Rate per column: {'age': 0.013574660633484163, 'sex': 0.0, 'bmi': 0.0022624434389140274, 'bp': 0.0, 's1': 0.0, 's2': 0.0, 's3': 0.0, 's4': 0.0, 's5': 0.0, 's6': 0.0, 'fake_column': 0.0}
2025-05-17 07:08:56,669 - INFO - Row Missing Fraction: 0.0158
2025-05-17 07:08:56,669 - INFO - Schema Mismatches: {}
2025-05-17 07:08:56,669 - INFO - Job completed.

2025-05-17 07:08:56,669 - INFO - Running data quality monitoring job.
2025-05-17 07:08:56,672 - INFO - Missing Rate per column: {'age': 0.013574660633484163, 'sex': 0.0, 'bmi': 0.0022624434389140274, 'bp': 0.0, 's1': 0.0, 's2': 0.0, 's3': 0.0, 's4': 0.0, 's5': 0.0, 's6': 0.0, 'fake_column': 0.0}
2025-05-17 07:08:56,673 - INFO - Row Missing Fraction: 0.0158
2025-05-17 07:08:56,673 - INFO - Schema Mismatches: {}
2025-05-17 07:08:56,673 - INFO - Job completed.

2025-05-17 07:09:06,684 - INFO - Running data quality monitoring job.
2025-05-17 07:09:06,688 - INFO - Missing Rate per column: {'age': 0.013574660633484163, 'sex': 0.0, 'bmi': 0.0022624434389140274, 'bp': 0.0, 's1': 0.0, 's2': 0.0, 's3': 0.0, 's4': 0.0, 's5': 0.0, 's6': 0.0, 'fake_column': 0.0}
2025-05-17 07:09:06,688 - INFO - Row Missing Fraction: 0.0158
2025-05-17 07:09:06,688 - INFO - Job completed.

2025-05-17 07:09:06,688 - INFO - Running data quality monitoring job.
2025-05-17 07:09:06,692 - INFO - Missing Rate per column: {'age': 0.013574660633484163, 'sex': 0.0, 'bmi': 0.0022624434389140274, 'bp': 0.0, 's1': 0.0, 's2': 0.0, 's3': 0.0, 's4': 0.0, 's5': 0.0, 's6': 0.0, 'fake_column': 0.0}
2025-05-17 07:09:06,692 - INFO - Row Missing Fraction: 0.0158
2025-05-17 07:09:06,692 - INFO - Job completed.

2025-05-17 07:09:06,692 - INFO - Running data quality monitoring job.
2025-05-17 07:09:06,695 - INFO - Missing Rate per column: {'age': 0.013574660633484163, 'sex': 0.0, 'bmi': 0.0022624434389140274, 'bp': 0.0, 's1': 0.0, 's2': 0.0, 's3': 0.0, 's4': 0.0, 's5': 0.0, 's6': 0.0, 'fake_column': 0.0}
2025-05-17 07:09:06,696 - INFO - Row Missing Fraction: 0.0158
2025-05-17 07:09:06,696 - INFO - Schema Mismatches: {}
2025-05-17 07:09:06,696 - INFO - Job completed.

2025-05-17 07:09:06,696 - INFO - Running data quality monitoring job.
2025-05-17 07:09:06,699 - INFO - Missing Rate per column: {'age': 0.013574660633484163, 'sex': 0.0, 'bmi': 0.0022624434389140274, 'bp': 0.0, 's1': 0.0, 's2': 0.0, 's3': 0.0, 's4': 0.0, 's5': 0.0, 's6': 0.0, 'fake_column': 0.0}
2025-05-17 07:09:06,699 - INFO - Row Missing Fraction: 0.0158
2025-05-17 07:09:06,699 - INFO - Schema Mismatches: {}
2025-05-17 07:09:06,699 - INFO - Job completed.

2025-05-17 07:09:16,710 - INFO - Running data quality monitoring job.
2025-05-17 07:09:16,715 - INFO - Missing Rate per column: {'age': 0.013574660633484163, 'sex': 0.0, 'bmi': 0.0022624434389140274, 'bp': 0.0, 's1': 0.0, 's2': 0.0, 's3': 0.0, 's4': 0.0, 's5': 0.0, 's6': 0.0, 'fake_column': 0.0}
2025-05-17 07:09:16,715 - INFO - Row Missing Fraction: 0.0158
2025-05-17 07:09:16,715 - INFO - Job completed.

2025-05-17 07:09:16,715 - INFO - Running data quality monitoring job.
2025-05-17 07:09:16,719 - INFO - Missing Rate per column: {'age': 0.013574660633484163, 'sex': 0.0, 'bmi': 0.0022624434389140274, 'bp': 0.0, 's1': 0.0, 's2': 0.0, 's3': 0.0, 's4': 0.0, 's5': 0.0, 's6': 0.0, 'fake_column': 0.0}
2025-05-17 07:09:16,719 - INFO - Row Missing Fraction: 0.0158
2025-05-17 07:09:16,719 - INFO - Job completed.

2025-05-17 07:09:16,719 - INFO - Running data quality monitoring job.
2025-05-17 07:09:16,723 - INFO - Missing Rate per column: {'age': 0.013574660633484163, 'sex': 0.0, 'bmi': 0.0022624434389140274, 'bp': 0.0, 's1': 0.0, 's2': 0.0, 's3': 0.0, 's4': 0.0, 's5': 0.0, 's6': 0.0, 'fake_column': 0.0}
2025-05-17 07:09:16,723 - INFO - Row Missing Fraction: 0.0158
2025-05-17 07:09:16,723 - INFO - Schema Mismatches: {}
2025-05-17 07:09:16,723 - INFO - Job completed.

2025-05-17 07:09:16,723 - INFO - Running data quality monitoring job.
2025-05-17 07:09:16,726 - INFO - Missing Rate per column: {'age': 0.013574660633484163, 'sex': 0.0, 'bmi': 0.0022624434389140274, 'bp': 0.0, 's1': 0.0, 's2': 0.0, 's3': 0.0, 's4': 0.0, 's5': 0.0, 's6': 0.0, 'fake_column': 0.0}
2025-05-17 07:09:16,726 - INFO - Row Missing Fraction: 0.0158
2025-05-17 07:09:16,726 - INFO - Schema Mismatches: {}
2025-05-17 07:09:16,727 - INFO - Job completed.

2025-05-17 07:09:26,738 - INFO - Running data quality monitoring job.
2025-05-17 07:09:26,742 - INFO - Missing Rate per column: {'age': 0.013574660633484163, 'sex': 0.0, 'bmi': 0.0022624434389140274, 'bp': 0.0, 's1': 0.0, 's2': 0.0, 's3': 0.0, 's4': 0.0, 's5': 0.0, 's6': 0.0, 'fake_column': 0.0}
2025-05-17 07:09:26,742 - INFO - Row Missing Fraction: 0.0158
2025-05-17 07:09:26,742 - INFO - Job completed.

2025-05-17 07:09:26,742 - INFO - Running data quality monitoring job.
2025-05-17 07:09:26,746 - INFO - Missing Rate per column: {'age': 0.013574660633484163, 'sex': 0.0, 'bmi': 0.0022624434389140274, 'bp': 0.0, 's1': 0.0, 's2': 0.0, 's3': 0.0, 's4': 0.0, 's5': 0.0, 's6': 0.0, 'fake_column': 0.0}
2025-05-17 07:09:26,746 - INFO - Row Missing Fraction: 0.0158
2025-05-17 07:09:26,746 - INFO - Job completed.

2025-05-17 07:09:26,746 - INFO - Running data quality monitoring job.
2025-05-17 07:09:26,749 - INFO - Missing Rate per column: {'age': 0.013574660633484163, 'sex': 0.0, 'bmi': 0.0022624434389140274, 'bp': 0.0, 's1': 0.0, 's2': 0.0, 's3': 0.0, 's4': 0.0, 's5': 0.0, 's6': 0.0, 'fake_column': 0.0}
2025-05-17 07:09:26,750 - INFO - Row Missing Fraction: 0.0158
2025-05-17 07:09:26,750 - INFO - Schema Mismatches: {}
2025-05-17 07:09:26,750 - INFO - Job completed.

2025-05-17 07:09:26,750 - INFO - Running data quality monitoring job.
2025-05-17 07:09:26,753 - INFO - Missing Rate per column: {'age': 0.013574660633484163, 'sex': 0.0, 'bmi': 0.0022624434389140274, 'bp': 0.0, 's1': 0.0, 's2': 0.0, 's3': 0.0, 's4': 0.0, 's5': 0.0, 's6': 0.0, 'fake_column': 0.0}
2025-05-17 07:09:26,753 - INFO - Row Missing Fraction: 0.0158
2025-05-17 07:09:26,753 - INFO - Schema Mismatches: {}
2025-05-17 07:09:26,753 - INFO - Job completed.

2025-05-17 07:09:36,763 - INFO - Running data quality monitoring job.
2025-05-17 07:09:36,767 - INFO - Missing Rate per column: {'age': 0.013574660633484163, 'sex': 0.0, 'bmi': 0.0022624434389140274, 'bp': 0.0, 's1': 0.0, 's2': 0.0, 's3': 0.0, 's4': 0.0, 's5': 0.0, 's6': 0.0, 'fake_column': 0.0}
2025-05-17 07:09:36,767 - INFO - Row Missing Fraction: 0.0158
2025-05-17 07:09:36,767 - INFO - Job completed.

2025-05-17 07:09:36,768 - INFO - Running data quality monitoring job.
2025-05-17 07:09:36,771 - INFO - Missing Rate per column: {'age': 0.013574660633484163, 'sex': 0.0, 'bmi': 0.0022624434389140274, 'bp': 0.0, 's1': 0.0, 's2': 0.0, 's3': 0.0, 's4': 0.0, 's5': 0.0, 's6': 0.0, 'fake_column': 0.0}
2025-05-17 07:09:36,771 - INFO - Row Missing Fraction: 0.0158
2025-05-17 07:09:36,771 - INFO - Job completed.

2025-05-17 07:09:36,771 - INFO - Running data quality monitoring job.
2025-05-17 07:09:36,775 - INFO - Missing Rate per column: {'age': 0.013574660633484163, 'sex': 0.0, 'bmi': 0.0022624434389140274, 'bp': 0.0, 's1': 0.0, 's2': 0.0, 's3': 0.0, 's4': 0.0, 's5': 0.0, 's6': 0.0, 'fake_column': 0.0}
2025-05-17 07:09:36,775 - INFO - Row Missing Fraction: 0.0158
2025-05-17 07:09:36,775 - INFO - Schema Mismatches: {}
2025-05-17 07:09:36,775 - INFO - Job completed.

2025-05-17 07:09:36,775 - INFO - Running data quality monitoring job.
2025-05-17 07:09:36,779 - INFO - Missing Rate per column: {'age': 0.013574660633484163, 'sex': 0.0, 'bmi': 0.0022624434389140274, 'bp': 0.0, 's1': 0.0, 's2': 0.0, 's3': 0.0, 's4': 0.0, 's5': 0.0, 's6': 0.0, 'fake_column': 0.0}
2025-05-17 07:09:36,779 - INFO - Row Missing Fraction: 0.0158
2025-05-17 07:09:36,779 - INFO - Schema Mismatches: {}
2025-05-17 07:09:36,779 - INFO - Job completed.

2025-05-17 07:09:46,789 - INFO - Running data quality monitoring job.
2025-05-17 07:09:46,793 - INFO - Missing Rate per column: {'age': 0.013574660633484163, 'sex': 0.0, 'bmi': 0.0022624434389140274, 'bp': 0.0, 's1': 0.0, 's2': 0.0, 's3': 0.0, 's4': 0.0, 's5': 0.0, 's6': 0.0, 'fake_column': 0.0}
2025-05-17 07:09:46,794 - INFO - Row Missing Fraction: 0.0158
2025-05-17 07:09:46,794 - INFO - Job completed.

2025-05-17 07:09:46,794 - INFO - Running data quality monitoring job.
2025-05-17 07:09:46,797 - INFO - Missing Rate per column: {'age': 0.013574660633484163, 'sex': 0.0, 'bmi': 0.0022624434389140274, 'bp': 0.0, 's1': 0.0, 's2': 0.0, 's3': 0.0, 's4': 0.0, 's5': 0.0, 's6': 0.0, 'fake_column': 0.0}
2025-05-17 07:09:46,797 - INFO - Row Missing Fraction: 0.0158
2025-05-17 07:09:46,797 - INFO - Job completed.

2025-05-17 07:09:46,797 - INFO - Running data quality monitoring job.
2025-05-17 07:09:46,801 - INFO - Missing Rate per column: {'age': 0.013574660633484163, 'sex': 0.0, 'bmi': 0.0022624434389140274, 'bp': 0.0, 's1': 0.0, 's2': 0.0, 's3': 0.0, 's4': 0.0, 's5': 0.0, 's6': 0.0, 'fake_column': 0.0}
2025-05-17 07:09:46,801 - INFO - Row Missing Fraction: 0.0158
2025-05-17 07:09:46,801 - INFO - Schema Mismatches: {}
2025-05-17 07:09:46,801 - INFO - Job completed.

2025-05-17 07:09:46,801 - INFO - Running data quality monitoring job.
2025-05-17 07:09:46,804 - INFO - Missing Rate per column: {'age': 0.013574660633484163, 'sex': 0.0, 'bmi': 0.0022624434389140274, 'bp': 0.0, 's1': 0.0, 's2': 0.0, 's3': 0.0, 's4': 0.0, 's5': 0.0, 's6': 0.0, 'fake_column': 0.0}
2025-05-17 07:09:46,805 - INFO - Row Missing Fraction: 0.0158
2025-05-17 07:09:46,805 - INFO - Schema Mismatches: {}
2025-05-17 07:09:46,805 - INFO - Job completed.

2025-05-17 07:09:56,816 - INFO - Running data quality monitoring job.
2025-05-17 07:09:56,820 - INFO - Missing Rate per column: {'age': 0.013574660633484163, 'sex': 0.0, 'bmi': 0.0022624434389140274, 'bp': 0.0, 's1': 0.0, 's2': 0.0, 's3': 0.0, 's4': 0.0, 's5': 0.0, 's6': 0.0, 'fake_column': 0.0}
2025-05-17 07:09:56,820 - INFO - Row Missing Fraction: 0.0158
2025-05-17 07:09:56,820 - INFO - Job completed.

2025-05-17 07:09:56,820 - INFO - Running data quality monitoring job.
2025-05-17 07:09:56,824 - INFO - Missing Rate per column: {'age': 0.013574660633484163, 'sex': 0.0, 'bmi': 0.0022624434389140274, 'bp': 0.0, 's1': 0.0, 's2': 0.0, 's3': 0.0, 's4': 0.0, 's5': 0.0, 's6': 0.0, 'fake_column': 0.0}
2025-05-17 07:09:56,824 - INFO - Row Missing Fraction: 0.0158
2025-05-17 07:09:56,824 - INFO - Job completed.

2025-05-17 07:09:56,824 - INFO - Running data quality monitoring job.
2025-05-17 07:09:56,827 - INFO - Missing Rate per column: {'age': 0.013574660633484163, 'sex': 0.0, 'bmi': 0.0022624434389140274, 'bp': 0.0, 's1': 0.0, 's2': 0.0, 's3': 0.0, 's4': 0.0, 's5': 0.0, 's6': 0.0, 'fake_column': 0.0}
2025-05-17 07:09:56,827 - INFO - Row Missing Fraction: 0.0158
2025-05-17 07:09:56,827 - INFO - Schema Mismatches: {}
2025-05-17 07:09:56,827 - INFO - Job completed.

2025-05-17 07:09:56,827 - INFO - Running data quality monitoring job.
2025-05-17 07:09:56,831 - INFO - Missing Rate per column: {'age': 0.013574660633484163, 'sex': 0.0, 'bmi': 0.0022624434389140274, 'bp': 0.0, 's1': 0.0, 's2': 0.0, 's3': 0.0, 's4': 0.0, 's5': 0.0, 's6': 0.0, 'fake_column': 0.0}
2025-05-17 07:09:56,831 - INFO - Row Missing Fraction: 0.0158
2025-05-17 07:09:56,831 - INFO - Schema Mismatches: {}
2025-05-17 07:09:56,831 - INFO - Job completed.

2025-05-17 07:10:06,842 - INFO - Running data quality monitoring job.
2025-05-17 07:10:06,846 - INFO - Missing Rate per column: {'age': 0.013574660633484163, 'sex': 0.0, 'bmi': 0.0022624434389140274, 'bp': 0.0, 's1': 0.0, 's2': 0.0, 's3': 0.0, 's4': 0.0, 's5': 0.0, 's6': 0.0, 'fake_column': 0.0}
2025-05-17 07:10:06,847 - INFO - Row Missing Fraction: 0.0158
2025-05-17 07:10:06,847 - INFO - Job completed.

2025-05-17 07:10:06,847 - INFO - Running data quality monitoring job.
2025-05-17 07:10:06,850 - INFO - Missing Rate per column: {'age': 0.013574660633484163, 'sex': 0.0, 'bmi': 0.0022624434389140274, 'bp': 0.0, 's1': 0.0, 's2': 0.0, 's3': 0.0, 's4': 0.0, 's5': 0.0, 's6': 0.0, 'fake_column': 0.0}
2025-05-17 07:10:06,850 - INFO - Row Missing Fraction: 0.0158
2025-05-17 07:10:06,850 - INFO - Job completed.

2025-05-17 07:10:06,850 - INFO - Running data quality monitoring job.
2025-05-17 07:10:06,854 - INFO - Missing Rate per column: {'age': 0.013574660633484163, 'sex': 0.0, 'bmi': 0.0022624434389140274, 'bp': 0.0, 's1': 0.0, 's2': 0.0, 's3': 0.0, 's4': 0.0, 's5': 0.0, 's6': 0.0, 'fake_column': 0.0}
2025-05-17 07:10:06,854 - INFO - Row Missing Fraction: 0.0158
2025-05-17 07:10:06,854 - INFO - Schema Mismatches: {}
2025-05-17 07:10:06,854 - INFO - Job completed.

2025-05-17 07:10:06,854 - INFO - Running data quality monitoring job.
2025-05-17 07:10:06,857 - INFO - Missing Rate per column: {'age': 0.013574660633484163, 'sex': 0.0, 'bmi': 0.0022624434389140274, 'bp': 0.0, 's1': 0.0, 's2': 0.0, 's3': 0.0, 's4': 0.0, 's5': 0.0, 's6': 0.0, 'fake_column': 0.0}
2025-05-17 07:10:06,857 - INFO - Row Missing Fraction: 0.0158
2025-05-17 07:10:06,858 - INFO - Schema Mismatches: {}
2025-05-17 07:10:06,858 - INFO - Job completed.

2025-05-17 07:10:16,868 - INFO - Running data quality monitoring job.
2025-05-17 07:10:16,872 - INFO - Missing Rate per column: {'age': 0.013574660633484163, 'sex': 0.0, 'bmi': 0.0022624434389140274, 'bp': 0.0, 's1': 0.0, 's2': 0.0, 's3': 0.0, 's4': 0.0, 's5': 0.0, 's6': 0.0, 'fake_column': 0.0}
2025-05-17 07:10:16,873 - INFO - Row Missing Fraction: 0.0158
2025-05-17 07:10:16,873 - INFO - Job completed.

2025-05-17 07:10:16,873 - INFO - Running data quality monitoring job.
2025-05-17 07:10:16,876 - INFO - Missing Rate per column: {'age': 0.013574660633484163, 'sex': 0.0, 'bmi': 0.0022624434389140274, 'bp': 0.0, 's1': 0.0, 's2': 0.0, 's3': 0.0, 's4': 0.0, 's5': 0.0, 's6': 0.0, 'fake_column': 0.0}
2025-05-17 07:10:16,876 - INFO - Row Missing Fraction: 0.0158
2025-05-17 07:10:16,876 - INFO - Job completed.

2025-05-17 07:10:16,876 - INFO - Running data quality monitoring job.
2025-05-17 07:10:16,880 - INFO - Missing Rate per column: {'age': 0.013574660633484163, 'sex': 0.0, 'bmi': 0.0022624434389140274, 'bp': 0.0, 's1': 0.0, 's2': 0.0, 's3': 0.0, 's4': 0.0, 's5': 0.0, 's6': 0.0, 'fake_column': 0.0}
2025-05-17 07:10:16,880 - INFO - Row Missing Fraction: 0.0158
2025-05-17 07:10:16,880 - INFO - Schema Mismatches: {}
2025-05-17 07:10:16,880 - INFO - Job completed.

2025-05-17 07:10:16,880 - INFO - Running data quality monitoring job.
2025-05-17 07:10:16,884 - INFO - Missing Rate per column: {'age': 0.013574660633484163, 'sex': 0.0, 'bmi': 0.0022624434389140274, 'bp': 0.0, 's1': 0.0, 's2': 0.0, 's3': 0.0, 's4': 0.0, 's5': 0.0, 's6': 0.0, 'fake_column': 0.0}
2025-05-17 07:10:16,884 - INFO - Row Missing Fraction: 0.0158
2025-05-17 07:10:16,884 - INFO - Schema Mismatches: {}
2025-05-17 07:10:16,884 - INFO - Job completed.

2025-05-17 07:10:26,895 - INFO - Running data quality monitoring job.
2025-05-17 07:10:26,899 - INFO - Missing Rate per column: {'age': 0.013574660633484163, 'sex': 0.0, 'bmi': 0.0022624434389140274, 'bp': 0.0, 's1': 0.0, 's2': 0.0, 's3': 0.0, 's4': 0.0, 's5': 0.0, 's6': 0.0, 'fake_column': 0.0}
2025-05-17 07:10:26,899 - INFO - Row Missing Fraction: 0.0158
2025-05-17 07:10:26,899 - INFO - Job completed.

2025-05-17 07:10:26,900 - INFO - Running data quality monitoring job.
2025-05-17 07:10:26,903 - INFO - Missing Rate per column: {'age': 0.013574660633484163, 'sex': 0.0, 'bmi': 0.0022624434389140274, 'bp': 0.0, 's1': 0.0, 's2': 0.0, 's3': 0.0, 's4': 0.0, 's5': 0.0, 's6': 0.0, 'fake_column': 0.0}
2025-05-17 07:10:26,903 - INFO - Row Missing Fraction: 0.0158
2025-05-17 07:10:26,903 - INFO - Job completed.

2025-05-17 07:10:26,903 - INFO - Running data quality monitoring job.
2025-05-17 07:10:26,907 - INFO - Missing Rate per column: {'age': 0.013574660633484163, 'sex': 0.0, 'bmi': 0.0022624434389140274, 'bp': 0.0, 's1': 0.0, 's2': 0.0, 's3': 0.0, 's4': 0.0, 's5': 0.0, 's6': 0.0, 'fake_column': 0.0}
2025-05-17 07:10:26,907 - INFO - Row Missing Fraction: 0.0158
2025-05-17 07:10:26,907 - INFO - Schema Mismatches: {}
2025-05-17 07:10:26,907 - INFO - Job completed.

2025-05-17 07:10:26,907 - INFO - Running data quality monitoring job.
2025-05-17 07:10:26,910 - INFO - Missing Rate per column: {'age': 0.013574660633484163, 'sex': 0.0, 'bmi': 0.0022624434389140274, 'bp': 0.0, 's1': 0.0, 's2': 0.0, 's3': 0.0, 's4': 0.0, 's5': 0.0, 's6': 0.0, 'fake_column': 0.0}
2025-05-17 07:10:26,910 - INFO - Row Missing Fraction: 0.0158
2025-05-17 07:10:26,911 - INFO - Schema Mismatches: {}
2025-05-17 07:10:26,911 - INFO - Job completed.

2025-05-17 07:10:36,922 - INFO - Running data quality monitoring job.
2025-05-17 07:10:36,926 - INFO - Missing Rate per column: {'age': 0.013574660633484163, 'sex': 0.0, 'bmi': 0.0022624434389140274, 'bp': 0.0, 's1': 0.0, 's2': 0.0, 's3': 0.0, 's4': 0.0, 's5': 0.0, 's6': 0.0, 'fake_column': 0.0}
2025-05-17 07:10:36,926 - INFO - Row Missing Fraction: 0.0158
2025-05-17 07:10:36,926 - INFO - Job completed.

2025-05-17 07:10:36,926 - INFO - Running data quality monitoring job.
2025-05-17 07:10:36,930 - INFO - Missing Rate per column: {'age': 0.013574660633484163, 'sex': 0.0, 'bmi': 0.0022624434389140274, 'bp': 0.0, 's1': 0.0, 's2': 0.0, 's3': 0.0, 's4': 0.0, 's5': 0.0, 's6': 0.0, 'fake_column': 0.0}
2025-05-17 07:10:36,930 - INFO - Row Missing Fraction: 0.0158
2025-05-17 07:10:36,930 - INFO - Job completed.

2025-05-17 07:10:36,930 - INFO - Running data quality monitoring job.
2025-05-17 07:10:36,933 - INFO - Missing Rate per column: {'age': 0.013574660633484163, 'sex': 0.0, 'bmi': 0.0022624434389140274, 'bp': 0.0, 's1': 0.0, 's2': 0.0, 's3': 0.0, 's4': 0.0, 's5': 0.0, 's6': 0.0, 'fake_column': 0.0}
2025-05-17 07:10:36,934 - INFO - Row Missing Fraction: 0.0158
2025-05-17 07:10:36,934 - INFO - Schema Mismatches: {}
2025-05-17 07:10:36,934 - INFO - Job completed.

2025-05-17 07:10:36,934 - INFO - Running data quality monitoring job.
2025-05-17 07:10:36,937 - INFO - Missing Rate per column: {'age': 0.013574660633484163, 'sex': 0.0, 'bmi': 0.0022624434389140274, 'bp': 0.0, 's1': 0.0, 's2': 0.0, 's3': 0.0, 's4': 0.0, 's5': 0.0, 's6': 0.0, 'fake_column': 0.0}
2025-05-17 07:10:36,937 - INFO - Row Missing Fraction: 0.0158
2025-05-17 07:10:36,937 - INFO - Schema Mismatches: {}
2025-05-17 07:10:36,937 - INFO - Job completed.

2025-05-17 07:10:46,948 - INFO - Running data quality monitoring job.
2025-05-17 07:10:46,952 - INFO - Missing Rate per column: {'age': 0.013574660633484163, 'sex': 0.0, 'bmi': 0.0022624434389140274, 'bp': 0.0, 's1': 0.0, 's2': 0.0, 's3': 0.0, 's4': 0.0, 's5': 0.0, 's6': 0.0, 'fake_column': 0.0}
2025-05-17 07:10:46,953 - INFO - Row Missing Fraction: 0.0158
2025-05-17 07:10:46,953 - INFO - Job completed.

2025-05-17 07:10:46,953 - INFO - Running data quality monitoring job.
2025-05-17 07:10:46,956 - INFO - Missing Rate per column: {'age': 0.013574660633484163, 'sex': 0.0, 'bmi': 0.0022624434389140274, 'bp': 0.0, 's1': 0.0, 's2': 0.0, 's3': 0.0, 's4': 0.0, 's5': 0.0, 's6': 0.0, 'fake_column': 0.0}
2025-05-17 07:10:46,956 - INFO - Row Missing Fraction: 0.0158
2025-05-17 07:10:46,956 - INFO - Job completed.

2025-05-17 07:10:46,956 - INFO - Running data quality monitoring job.
2025-05-17 07:10:46,960 - INFO - Missing Rate per column: {'age': 0.013574660633484163, 'sex': 0.0, 'bmi': 0.0022624434389140274, 'bp': 0.0, 's1': 0.0, 's2': 0.0, 's3': 0.0, 's4': 0.0, 's5': 0.0, 's6': 0.0, 'fake_column': 0.0}
2025-05-17 07:10:46,960 - INFO - Row Missing Fraction: 0.0158
2025-05-17 07:10:46,960 - INFO - Schema Mismatches: {}
2025-05-17 07:10:46,960 - INFO - Job completed.

2025-05-17 07:10:46,960 - INFO - Running data quality monitoring job.
2025-05-17 07:10:46,964 - INFO - Missing Rate per column: {'age': 0.013574660633484163, 'sex': 0.0, 'bmi': 0.0022624434389140274, 'bp': 0.0, 's1': 0.0, 's2': 0.0, 's3': 0.0, 's4': 0.0, 's5': 0.0, 's6': 0.0, 'fake_column': 0.0}
2025-05-17 07:10:46,964 - INFO - Row Missing Fraction: 0.0158
2025-05-17 07:10:46,964 - INFO - Schema Mismatches: {}
2025-05-17 07:10:46,964 - INFO - Job completed.

2025-05-17 07:10:56,975 - INFO - Running data quality monitoring job.
2025-05-17 07:10:56,980 - INFO - Missing Rate per column: {'age': 0.013574660633484163, 'sex': 0.0, 'bmi': 0.0022624434389140274, 'bp': 0.0, 's1': 0.0, 's2': 0.0, 's3': 0.0, 's4': 0.0, 's5': 0.0, 's6': 0.0, 'fake_column': 0.0}
2025-05-17 07:10:56,980 - INFO - Row Missing Fraction: 0.0158
2025-05-17 07:10:56,980 - INFO - Job completed.

2025-05-17 07:10:56,980 - INFO - Running data quality monitoring job.
2025-05-17 07:10:56,983 - INFO - Missing Rate per column: {'age': 0.013574660633484163, 'sex': 0.0, 'bmi': 0.0022624434389140274, 'bp': 0.0, 's1': 0.0, 's2': 0.0, 's3': 0.0, 's4': 0.0, 's5': 0.0, 's6': 0.0, 'fake_column': 0.0}
2025-05-17 07:10:56,984 - INFO - Row Missing Fraction: 0.0158
2025-05-17 07:10:56,984 - INFO - Job completed.

2025-05-17 07:10:56,984 - INFO - Running data quality monitoring job.
2025-05-17 07:10:56,987 - INFO - Missing Rate per column: {'age': 0.013574660633484163, 'sex': 0.0, 'bmi': 0.0022624434389140274, 'bp': 0.0, 's1': 0.0, 's2': 0.0, 's3': 0.0, 's4': 0.0, 's5': 0.0, 's6': 0.0, 'fake_column': 0.0}
2025-05-17 07:10:56,987 - INFO - Row Missing Fraction: 0.0158
2025-05-17 07:10:56,987 - INFO - Schema Mismatches: {}
2025-05-17 07:10:56,987 - INFO - Job completed.

2025-05-17 07:10:56,987 - INFO - Running data quality monitoring job.
2025-05-17 07:10:56,991 - INFO - Missing Rate per column: {'age': 0.013574660633484163, 'sex': 0.0, 'bmi': 0.0022624434389140274, 'bp': 0.0, 's1': 0.0, 's2': 0.0, 's3': 0.0, 's4': 0.0, 's5': 0.0, 's6': 0.0, 'fake_column': 0.0}
2025-05-17 07:10:56,991 - INFO - Row Missing Fraction: 0.0158
2025-05-17 07:10:56,991 - INFO - Schema Mismatches: {}
2025-05-17 07:10:56,991 - INFO - Job completed.

2025-05-17 07:11:07,001 - INFO - Running data quality monitoring job.
2025-05-17 07:11:07,005 - INFO - Missing Rate per column: {'age': 0.013574660633484163, 'sex': 0.0, 'bmi': 0.0022624434389140274, 'bp': 0.0, 's1': 0.0, 's2': 0.0, 's3': 0.0, 's4': 0.0, 's5': 0.0, 's6': 0.0, 'fake_column': 0.0}
2025-05-17 07:11:07,006 - INFO - Row Missing Fraction: 0.0158
2025-05-17 07:11:07,006 - INFO - Job completed.

2025-05-17 07:11:07,006 - INFO - Running data quality monitoring job.
2025-05-17 07:11:07,009 - INFO - Missing Rate per column: {'age': 0.013574660633484163, 'sex': 0.0, 'bmi': 0.0022624434389140274, 'bp': 0.0, 's1': 0.0, 's2': 0.0, 's3': 0.0, 's4': 0.0, 's5': 0.0, 's6': 0.0, 'fake_column': 0.0}
2025-05-17 07:11:07,009 - INFO - Row Missing Fraction: 0.0158
2025-05-17 07:11:07,009 - INFO - Job completed.

2025-05-17 07:11:07,009 - INFO - Running data quality monitoring job.
2025-05-17 07:11:07,013 - INFO - Missing Rate per column: {'age': 0.013574660633484163, 'sex': 0.0, 'bmi': 0.0022624434389140274, 'bp': 0.0, 's1': 0.0, 's2': 0.0, 's3': 0.0, 's4': 0.0, 's5': 0.0, 's6': 0.0, 'fake_column': 0.0}
2025-05-17 07:11:07,013 - INFO - Row Missing Fraction: 0.0158
2025-05-17 07:11:07,013 - INFO - Schema Mismatches: {}
2025-05-17 07:11:07,013 - INFO - Job completed.

2025-05-17 07:11:07,013 - INFO - Running data quality monitoring job.
2025-05-17 07:11:07,017 - INFO - Missing Rate per column: {'age': 0.013574660633484163, 'sex': 0.0, 'bmi': 0.0022624434389140274, 'bp': 0.0, 's1': 0.0, 's2': 0.0, 's3': 0.0, 's4': 0.0, 's5': 0.0, 's6': 0.0, 'fake_column': 0.0}
2025-05-17 07:11:07,017 - INFO - Row Missing Fraction: 0.0158
2025-05-17 07:11:07,017 - INFO - Schema Mismatches: {}
2025-05-17 07:11:07,017 - INFO - Job completed.

2025-05-17 07:11:17,027 - INFO - Running data quality monitoring job.
2025-05-17 07:11:17,032 - INFO - Missing Rate per column: {'age': 0.013574660633484163, 'sex': 0.0, 'bmi': 0.0022624434389140274, 'bp': 0.0, 's1': 0.0, 's2': 0.0, 's3': 0.0, 's4': 0.0, 's5': 0.0, 's6': 0.0, 'fake_column': 0.0}
2025-05-17 07:11:17,032 - INFO - Row Missing Fraction: 0.0158
2025-05-17 07:11:17,032 - INFO - Job completed.

2025-05-17 07:11:17,032 - INFO - Running data quality monitoring job.
2025-05-17 07:11:17,036 - INFO - Missing Rate per column: {'age': 0.013574660633484163, 'sex': 0.0, 'bmi': 0.0022624434389140274, 'bp': 0.0, 's1': 0.0, 's2': 0.0, 's3': 0.0, 's4': 0.0, 's5': 0.0, 's6': 0.0, 'fake_column': 0.0}
2025-05-17 07:11:17,036 - INFO - Row Missing Fraction: 0.0158
2025-05-17 07:11:17,036 - INFO - Job completed.

2025-05-17 07:11:17,036 - INFO - Running data quality monitoring job.
2025-05-17 07:11:17,039 - INFO - Missing Rate per column: {'age': 0.013574660633484163, 'sex': 0.0, 'bmi': 0.0022624434389140274, 'bp': 0.0, 's1': 0.0, 's2': 0.0, 's3': 0.0, 's4': 0.0, 's5': 0.0, 's6': 0.0, 'fake_column': 0.0}
2025-05-17 07:11:17,039 - INFO - Row Missing Fraction: 0.0158
2025-05-17 07:11:17,039 - INFO - Schema Mismatches: {}
2025-05-17 07:11:17,039 - INFO - Job completed.

2025-05-17 07:11:17,040 - INFO - Running data quality monitoring job.
2025-05-17 07:11:17,043 - INFO - Missing Rate per column: {'age': 0.013574660633484163, 'sex': 0.0, 'bmi': 0.0022624434389140274, 'bp': 0.0, 's1': 0.0, 's2': 0.0, 's3': 0.0, 's4': 0.0, 's5': 0.0, 's6': 0.0, 'fake_column': 0.0}
2025-05-17 07:11:17,043 - INFO - Row Missing Fraction: 0.0158
2025-05-17 07:11:17,043 - INFO - Schema Mismatches: {}
2025-05-17 07:11:17,043 - INFO - Job completed.

2025-05-17 07:11:27,054 - INFO - Running data quality monitoring job.
2025-05-17 07:11:27,059 - INFO - Missing Rate per column: {'age': 0.013574660633484163, 'sex': 0.0, 'bmi': 0.0022624434389140274, 'bp': 0.0, 's1': 0.0, 's2': 0.0, 's3': 0.0, 's4': 0.0, 's5': 0.0, 's6': 0.0, 'fake_column': 0.0}
2025-05-17 07:11:27,059 - INFO - Row Missing Fraction: 0.0158
2025-05-17 07:11:27,059 - INFO - Job completed.

2025-05-17 07:11:27,059 - INFO - Running data quality monitoring job.
2025-05-17 07:11:27,062 - INFO - Missing Rate per column: {'age': 0.013574660633484163, 'sex': 0.0, 'bmi': 0.0022624434389140274, 'bp': 0.0, 's1': 0.0, 's2': 0.0, 's3': 0.0, 's4': 0.0, 's5': 0.0, 's6': 0.0, 'fake_column': 0.0}
2025-05-17 07:11:27,062 - INFO - Row Missing Fraction: 0.0158
2025-05-17 07:11:27,063 - INFO - Job completed.

2025-05-17 07:11:27,063 - INFO - Running data quality monitoring job.
2025-05-17 07:11:27,066 - INFO - Missing Rate per column: {'age': 0.013574660633484163, 'sex': 0.0, 'bmi': 0.0022624434389140274, 'bp': 0.0, 's1': 0.0, 's2': 0.0, 's3': 0.0, 's4': 0.0, 's5': 0.0, 's6': 0.0, 'fake_column': 0.0}
2025-05-17 07:11:27,066 - INFO - Row Missing Fraction: 0.0158
2025-05-17 07:11:27,066 - INFO - Schema Mismatches: {}
2025-05-17 07:11:27,066 - INFO - Job completed.

2025-05-17 07:11:27,066 - INFO - Running data quality monitoring job.
2025-05-17 07:11:27,070 - INFO - Missing Rate per column: {'age': 0.013574660633484163, 'sex': 0.0, 'bmi': 0.0022624434389140274, 'bp': 0.0, 's1': 0.0, 's2': 0.0, 's3': 0.0, 's4': 0.0, 's5': 0.0, 's6': 0.0, 'fake_column': 0.0}
2025-05-17 07:11:27,070 - INFO - Row Missing Fraction: 0.0158
2025-05-17 07:11:27,070 - INFO - Schema Mismatches: {}
2025-05-17 07:11:27,070 - INFO - Job completed.

2025-05-17 07:11:37,080 - INFO - Running data quality monitoring job.
2025-05-17 07:11:37,085 - INFO - Missing Rate per column: {'age': 0.013574660633484163, 'sex': 0.0, 'bmi': 0.0022624434389140274, 'bp': 0.0, 's1': 0.0, 's2': 0.0, 's3': 0.0, 's4': 0.0, 's5': 0.0, 's6': 0.0, 'fake_column': 0.0}
2025-05-17 07:11:37,085 - INFO - Row Missing Fraction: 0.0158
2025-05-17 07:11:37,085 - INFO - Job completed.

2025-05-17 07:11:37,085 - INFO - Running data quality monitoring job.
2025-05-17 07:11:37,089 - INFO - Missing Rate per column: {'age': 0.013574660633484163, 'sex': 0.0, 'bmi': 0.0022624434389140274, 'bp': 0.0, 's1': 0.0, 's2': 0.0, 's3': 0.0, 's4': 0.0, 's5': 0.0, 's6': 0.0, 'fake_column': 0.0}
2025-05-17 07:11:37,089 - INFO - Row Missing Fraction: 0.0158
2025-05-17 07:11:37,089 - INFO - Job completed.

2025-05-17 07:11:37,089 - INFO - Running data quality monitoring job.
2025-05-17 07:11:37,092 - INFO - Missing Rate per column: {'age': 0.013574660633484163, 'sex': 0.0, 'bmi': 0.0022624434389140274, 'bp': 0.0, 's1': 0.0, 's2': 0.0, 's3': 0.0, 's4': 0.0, 's5': 0.0, 's6': 0.0, 'fake_column': 0.0}
2025-05-17 07:11:37,092 - INFO - Row Missing Fraction: 0.0158
2025-05-17 07:11:37,092 - INFO - Schema Mismatches: {}
2025-05-17 07:11:37,093 - INFO - Job completed.

2025-05-17 07:11:37,093 - INFO - Running data quality monitoring job.
2025-05-17 07:11:37,096 - INFO - Missing Rate per column: {'age': 0.013574660633484163, 'sex': 0.0, 'bmi': 0.0022624434389140274, 'bp': 0.0, 's1': 0.0, 's2': 0.0, 's3': 0.0, 's4': 0.0, 's5': 0.0, 's6': 0.0, 'fake_column': 0.0}
2025-05-17 07:11:37,096 - INFO - Row Missing Fraction: 0.0158
2025-05-17 07:11:37,096 - INFO - Schema Mismatches: {}
2025-05-17 07:11:37,096 - INFO - Job completed.

2025-05-17 07:11:47,107 - INFO - Running data quality monitoring job.
2025-05-17 07:11:47,112 - INFO - Missing Rate per column: {'age': 0.013574660633484163, 'sex': 0.0, 'bmi': 0.0022624434389140274, 'bp': 0.0, 's1': 0.0, 's2': 0.0, 's3': 0.0, 's4': 0.0, 's5': 0.0, 's6': 0.0, 'fake_column': 0.0}
2025-05-17 07:11:47,112 - INFO - Row Missing Fraction: 0.0158
2025-05-17 07:11:47,112 - INFO - Job completed.

2025-05-17 07:11:47,112 - INFO - Running data quality monitoring job.
2025-05-17 07:11:47,115 - INFO - Missing Rate per column: {'age': 0.013574660633484163, 'sex': 0.0, 'bmi': 0.0022624434389140274, 'bp': 0.0, 's1': 0.0, 's2': 0.0, 's3': 0.0, 's4': 0.0, 's5': 0.0, 's6': 0.0, 'fake_column': 0.0}
2025-05-17 07:11:47,115 - INFO - Row Missing Fraction: 0.0158
2025-05-17 07:11:47,115 - INFO - Job completed.

2025-05-17 07:11:47,116 - INFO - Running data quality monitoring job.
2025-05-17 07:11:47,119 - INFO - Missing Rate per column: {'age': 0.013574660633484163, 'sex': 0.0, 'bmi': 0.0022624434389140274, 'bp': 0.0, 's1': 0.0, 's2': 0.0, 's3': 0.0, 's4': 0.0, 's5': 0.0, 's6': 0.0, 'fake_column': 0.0}
2025-05-17 07:11:47,119 - INFO - Row Missing Fraction: 0.0158
2025-05-17 07:11:47,119 - INFO - Schema Mismatches: {}
2025-05-17 07:11:47,119 - INFO - Job completed.

2025-05-17 07:11:47,119 - INFO - Running data quality monitoring job.
2025-05-17 07:11:47,123 - INFO - Missing Rate per column: {'age': 0.013574660633484163, 'sex': 0.0, 'bmi': 0.0022624434389140274, 'bp': 0.0, 's1': 0.0, 's2': 0.0, 's3': 0.0, 's4': 0.0, 's5': 0.0, 's6': 0.0, 'fake_column': 0.0}
2025-05-17 07:11:47,123 - INFO - Row Missing Fraction: 0.0158
2025-05-17 07:11:47,123 - INFO - Schema Mismatches: {}
2025-05-17 07:11:47,123 - INFO - Job completed.

2025-05-17 07:11:57,133 - INFO - Running data quality monitoring job.
2025-05-17 07:11:57,138 - INFO - Missing Rate per column: {'age': 0.013574660633484163, 'sex': 0.0, 'bmi': 0.0022624434389140274, 'bp': 0.0, 's1': 0.0, 's2': 0.0, 's3': 0.0, 's4': 0.0, 's5': 0.0, 's6': 0.0, 'fake_column': 0.0}
2025-05-17 07:11:57,138 - INFO - Row Missing Fraction: 0.0158
2025-05-17 07:11:57,138 - INFO - Job completed.

2025-05-17 07:11:57,138 - INFO - Running data quality monitoring job.
2025-05-17 07:11:57,141 - INFO - Missing Rate per column: {'age': 0.013574660633484163, 'sex': 0.0, 'bmi': 0.0022624434389140274, 'bp': 0.0, 's1': 0.0, 's2': 0.0, 's3': 0.0, 's4': 0.0, 's5': 0.0, 's6': 0.0, 'fake_column': 0.0}
2025-05-17 07:11:57,141 - INFO - Row Missing Fraction: 0.0158
2025-05-17 07:11:57,141 - INFO - Job completed.

2025-05-17 07:11:57,141 - INFO - Running data quality monitoring job.
2025-05-17 07:11:57,145 - INFO - Missing Rate per column: {'age': 0.013574660633484163, 'sex': 0.0, 'bmi': 0.0022624434389140274, 'bp': 0.0, 's1': 0.0, 's2': 0.0, 's3': 0.0, 's4': 0.0, 's5': 0.0, 's6': 0.0, 'fake_column': 0.0}
2025-05-17 07:11:57,145 - INFO - Row Missing Fraction: 0.0158
2025-05-17 07:11:57,145 - INFO - Schema Mismatches: {}
2025-05-17 07:11:57,145 - INFO - Job completed.

2025-05-17 07:11:57,145 - INFO - Running data quality monitoring job.
2025-05-17 07:11:57,149 - INFO - Missing Rate per column: {'age': 0.013574660633484163, 'sex': 0.0, 'bmi': 0.0022624434389140274, 'bp': 0.0, 's1': 0.0, 's2': 0.0, 's3': 0.0, 's4': 0.0, 's5': 0.0, 's6': 0.0, 'fake_column': 0.0}
2025-05-17 07:11:57,149 - INFO - Row Missing Fraction: 0.0158
2025-05-17 07:11:57,149 - INFO - Schema Mismatches: {}
2025-05-17 07:11:57,149 - INFO - Job completed.

2025-05-17 07:12:07,159 - INFO - Running data quality monitoring job.
2025-05-17 07:12:07,164 - INFO - Missing Rate per column: {'age': 0.013574660633484163, 'sex': 0.0, 'bmi': 0.0022624434389140274, 'bp': 0.0, 's1': 0.0, 's2': 0.0, 's3': 0.0, 's4': 0.0, 's5': 0.0, 's6': 0.0, 'fake_column': 0.0}
2025-05-17 07:12:07,164 - INFO - Row Missing Fraction: 0.0158
2025-05-17 07:12:07,164 - INFO - Job completed.

2025-05-17 07:12:07,164 - INFO - Running data quality monitoring job.
2025-05-17 07:12:07,168 - INFO - Missing Rate per column: {'age': 0.013574660633484163, 'sex': 0.0, 'bmi': 0.0022624434389140274, 'bp': 0.0, 's1': 0.0, 's2': 0.0, 's3': 0.0, 's4': 0.0, 's5': 0.0, 's6': 0.0, 'fake_column': 0.0}
2025-05-17 07:12:07,168 - INFO - Row Missing Fraction: 0.0158
2025-05-17 07:12:07,168 - INFO - Job completed.

2025-05-17 07:12:07,168 - INFO - Running data quality monitoring job.
2025-05-17 07:12:07,171 - INFO - Missing Rate per column: {'age': 0.013574660633484163, 'sex': 0.0, 'bmi': 0.0022624434389140274, 'bp': 0.0, 's1': 0.0, 's2': 0.0, 's3': 0.0, 's4': 0.0, 's5': 0.0, 's6': 0.0, 'fake_column': 0.0}
2025-05-17 07:12:07,171 - INFO - Row Missing Fraction: 0.0158
2025-05-17 07:12:07,171 - INFO - Schema Mismatches: {}
2025-05-17 07:12:07,171 - INFO - Job completed.

2025-05-17 07:12:07,171 - INFO - Running data quality monitoring job.
2025-05-17 07:12:07,175 - INFO - Missing Rate per column: {'age': 0.013574660633484163, 'sex': 0.0, 'bmi': 0.0022624434389140274, 'bp': 0.0, 's1': 0.0, 's2': 0.0, 's3': 0.0, 's4': 0.0, 's5': 0.0, 's6': 0.0, 'fake_column': 0.0}
2025-05-17 07:12:07,175 - INFO - Row Missing Fraction: 0.0158
2025-05-17 07:12:07,175 - INFO - Schema Mismatches: {}
2025-05-17 07:12:07,175 - INFO - Job completed.

2025-05-17 07:12:17,185 - INFO - Running data quality monitoring job.
2025-05-17 07:12:17,189 - INFO - Missing Rate per column: {'age': 0.013574660633484163, 'sex': 0.0, 'bmi': 0.0022624434389140274, 'bp': 0.0, 's1': 0.0, 's2': 0.0, 's3': 0.0, 's4': 0.0, 's5': 0.0, 's6': 0.0, 'fake_column': 0.0}
2025-05-17 07:12:17,190 - INFO - Row Missing Fraction: 0.0158
2025-05-17 07:12:17,190 - INFO - Job completed.

2025-05-17 07:12:17,190 - INFO - Running data quality monitoring job.
2025-05-17 07:12:17,193 - INFO - Missing Rate per column: {'age': 0.013574660633484163, 'sex': 0.0, 'bmi': 0.0022624434389140274, 'bp': 0.0, 's1': 0.0, 's2': 0.0, 's3': 0.0, 's4': 0.0, 's5': 0.0, 's6': 0.0, 'fake_column': 0.0}
2025-05-17 07:12:17,193 - INFO - Row Missing Fraction: 0.0158
2025-05-17 07:12:17,193 - INFO - Job completed.

2025-05-17 07:12:17,193 - INFO - Running data quality monitoring job.
2025-05-17 07:12:17,197 - INFO - Missing Rate per column: {'age': 0.013574660633484163, 'sex': 0.0, 'bmi': 0.0022624434389140274, 'bp': 0.0, 's1': 0.0, 's2': 0.0, 's3': 0.0, 's4': 0.0, 's5': 0.0, 's6': 0.0, 'fake_column': 0.0}
2025-05-17 07:12:17,197 - INFO - Row Missing Fraction: 0.0158
2025-05-17 07:12:17,197 - INFO - Schema Mismatches: {}
2025-05-17 07:12:17,197 - INFO - Job completed.

2025-05-17 07:12:17,197 - INFO - Running data quality monitoring job.
2025-05-17 07:12:17,201 - INFO - Missing Rate per column: {'age': 0.013574660633484163, 'sex': 0.0, 'bmi': 0.0022624434389140274, 'bp': 0.0, 's1': 0.0, 's2': 0.0, 's3': 0.0, 's4': 0.0, 's5': 0.0, 's6': 0.0, 'fake_column': 0.0}
2025-05-17 07:12:17,201 - INFO - Row Missing Fraction: 0.0158
2025-05-17 07:12:17,201 - INFO - Schema Mismatches: {}
2025-05-17 07:12:17,201 - INFO - Job completed.

2025-05-17 07:12:27,211 - INFO - Running data quality monitoring job.
2025-05-17 07:12:27,216 - INFO - Missing Rate per column: {'age': 0.013574660633484163, 'sex': 0.0, 'bmi': 0.0022624434389140274, 'bp': 0.0, 's1': 0.0, 's2': 0.0, 's3': 0.0, 's4': 0.0, 's5': 0.0, 's6': 0.0, 'fake_column': 0.0}
2025-05-17 07:12:27,216 - INFO - Row Missing Fraction: 0.0158
2025-05-17 07:12:27,216 - INFO - Job completed.

2025-05-17 07:12:27,216 - INFO - Running data quality monitoring job.
2025-05-17 07:12:27,219 - INFO - Missing Rate per column: {'age': 0.013574660633484163, 'sex': 0.0, 'bmi': 0.0022624434389140274, 'bp': 0.0, 's1': 0.0, 's2': 0.0, 's3': 0.0, 's4': 0.0, 's5': 0.0, 's6': 0.0, 'fake_column': 0.0}
2025-05-17 07:12:27,219 - INFO - Row Missing Fraction: 0.0158
2025-05-17 07:12:27,219 - INFO - Job completed.

2025-05-17 07:12:27,219 - INFO - Running data quality monitoring job.
2025-05-17 07:12:27,223 - INFO - Missing Rate per column: {'age': 0.013574660633484163, 'sex': 0.0, 'bmi': 0.0022624434389140274, 'bp': 0.0, 's1': 0.0, 's2': 0.0, 's3': 0.0, 's4': 0.0, 's5': 0.0, 's6': 0.0, 'fake_column': 0.0}
2025-05-17 07:12:27,223 - INFO - Row Missing Fraction: 0.0158
2025-05-17 07:12:27,223 - INFO - Schema Mismatches: {}
2025-05-17 07:12:27,223 - INFO - Job completed.

2025-05-17 07:12:27,223 - INFO - Running data quality monitoring job.
2025-05-17 07:12:27,226 - INFO - Missing Rate per column: {'age': 0.013574660633484163, 'sex': 0.0, 'bmi': 0.0022624434389140274, 'bp': 0.0, 's1': 0.0, 's2': 0.0, 's3': 0.0, 's4': 0.0, 's5': 0.0, 's6': 0.0, 'fake_column': 0.0}
2025-05-17 07:12:27,227 - INFO - Row Missing Fraction: 0.0158
2025-05-17 07:12:27,227 - INFO - Schema Mismatches: {}
2025-05-17 07:12:27,227 - INFO - Job completed.

2025-05-17 07:12:37,237 - INFO - Running data quality monitoring job.
2025-05-17 07:12:37,242 - INFO - Missing Rate per column: {'age': 0.013574660633484163, 'sex': 0.0, 'bmi': 0.0022624434389140274, 'bp': 0.0, 's1': 0.0, 's2': 0.0, 's3': 0.0, 's4': 0.0, 's5': 0.0, 's6': 0.0, 'fake_column': 0.0}
2025-05-17 07:12:37,242 - INFO - Row Missing Fraction: 0.0158
2025-05-17 07:12:37,242 - INFO - Job completed.

2025-05-17 07:12:37,242 - INFO - Running data quality monitoring job.
2025-05-17 07:12:37,246 - INFO - Missing Rate per column: {'age': 0.013574660633484163, 'sex': 0.0, 'bmi': 0.0022624434389140274, 'bp': 0.0, 's1': 0.0, 's2': 0.0, 's3': 0.0, 's4': 0.0, 's5': 0.0, 's6': 0.0, 'fake_column': 0.0}
2025-05-17 07:12:37,246 - INFO - Row Missing Fraction: 0.0158
2025-05-17 07:12:37,246 - INFO - Job completed.

2025-05-17 07:12:37,246 - INFO - Running data quality monitoring job.
2025-05-17 07:12:37,249 - INFO - Missing Rate per column: {'age': 0.013574660633484163, 'sex': 0.0, 'bmi': 0.0022624434389140274, 'bp': 0.0, 's1': 0.0, 's2': 0.0, 's3': 0.0, 's4': 0.0, 's5': 0.0, 's6': 0.0, 'fake_column': 0.0}
2025-05-17 07:12:37,249 - INFO - Row Missing Fraction: 0.0158
2025-05-17 07:12:37,249 - INFO - Schema Mismatches: {}
2025-05-17 07:12:37,249 - INFO - Job completed.

2025-05-17 07:12:37,249 - INFO - Running data quality monitoring job.
2025-05-17 07:12:37,253 - INFO - Missing Rate per column: {'age': 0.013574660633484163, 'sex': 0.0, 'bmi': 0.0022624434389140274, 'bp': 0.0, 's1': 0.0, 's2': 0.0, 's3': 0.0, 's4': 0.0, 's5': 0.0, 's6': 0.0, 'fake_column': 0.0}
2025-05-17 07:12:37,253 - INFO - Row Missing Fraction: 0.0158
2025-05-17 07:12:37,253 - INFO - Schema Mismatches: {}
2025-05-17 07:12:37,253 - INFO - Job completed.

2025-05-17 07:12:47,263 - INFO - Running data quality monitoring job.
2025-05-17 07:12:47,267 - INFO - Missing Rate per column: {'age': 0.013574660633484163, 'sex': 0.0, 'bmi': 0.0022624434389140274, 'bp': 0.0, 's1': 0.0, 's2': 0.0, 's3': 0.0, 's4': 0.0, 's5': 0.0, 's6': 0.0, 'fake_column': 0.0}
2025-05-17 07:12:47,267 - INFO - Row Missing Fraction: 0.0158
2025-05-17 07:12:47,267 - INFO - Job completed.

2025-05-17 07:12:47,267 - INFO - Running data quality monitoring job.
2025-05-17 07:12:47,271 - INFO - Missing Rate per column: {'age': 0.013574660633484163, 'sex': 0.0, 'bmi': 0.0022624434389140274, 'bp': 0.0, 's1': 0.0, 's2': 0.0, 's3': 0.0, 's4': 0.0, 's5': 0.0, 's6': 0.0, 'fake_column': 0.0}
2025-05-17 07:12:47,271 - INFO - Row Missing Fraction: 0.0158
2025-05-17 07:12:47,271 - INFO - Job completed.

2025-05-17 07:12:47,271 - INFO - Running data quality monitoring job.
2025-05-17 07:12:47,274 - INFO - Missing Rate per column: {'age': 0.013574660633484163, 'sex': 0.0, 'bmi': 0.0022624434389140274, 'bp': 0.0, 's1': 0.0, 's2': 0.0, 's3': 0.0, 's4': 0.0, 's5': 0.0, 's6': 0.0, 'fake_column': 0.0}
2025-05-17 07:12:47,275 - INFO - Row Missing Fraction: 0.0158
2025-05-17 07:12:47,275 - INFO - Schema Mismatches: {}
2025-05-17 07:12:47,275 - INFO - Job completed.

2025-05-17 07:12:47,275 - INFO - Running data quality monitoring job.
2025-05-17 07:12:47,278 - INFO - Missing Rate per column: {'age': 0.013574660633484163, 'sex': 0.0, 'bmi': 0.0022624434389140274, 'bp': 0.0, 's1': 0.0, 's2': 0.0, 's3': 0.0, 's4': 0.0, 's5': 0.0, 's6': 0.0, 'fake_column': 0.0}
2025-05-17 07:12:47,278 - INFO - Row Missing Fraction: 0.0158
2025-05-17 07:12:47,278 - INFO - Schema Mismatches: {}
2025-05-17 07:12:47,278 - INFO - Job completed.

